#
# There is insufficient memory for the Java Runtime Environment to continue.
# Native memory allocation (malloc) failed to allocate 1492336 bytes for Chunk::new
# Possible reasons:
#   The system is out of physical RAM or swap space
#   The process is running with CompressedOops enabled, and the Java Heap may be blocking the growth of the native heap
# Possible solutions:
#   Reduce memory load on the system
#   Increase physical memory or swap space
#   Check if swap backing store is full
#   Decrease Java heap size (-Xmx/-Xms)
#   Decrease number of Java threads
#   Decrease Java thread stack sizes (-Xss)
#   Set larger code cache with -XX:ReservedCodeCacheSize=
#   JVM is running with Unscaled Compressed Oops mode in which the Java heap is
#     placed in the first 4GB address space. The Java Heap base address is the
#     maximum limit for the native heap growth. Please use -XX:HeapBaseMinAddress
#     to set the Java Heap base and to place the Java Heap above 4GB virtual address.
# This output file may be truncated or incomplete.
#
#  Out of Memory Error (./src/hotspot/share/memory/arena.cpp:197), pid=11056, tid=5704
#
# JRE version: OpenJDK Runtime Environment AdoptOpenJDK-11.0.11+9 (11.0.11+9) (build 11.0.11+9)
# Java VM: OpenJDK 64-Bit Server VM AdoptOpenJDK-11.0.11+9 (11.0.11+9, mixed mode, tiered, compressed oops, parallel gc, windows-amd64)
# No core dump will be written. Minidumps are not enabled by default on client versions of Windows
#

---------------  S U M M A R Y ------------

Command Line: --add-modules=ALL-SYSTEM --add-opens=java.base/java.util=ALL-UNNAMED --add-opens=java.base/java.lang=ALL-UNNAMED -Declipse.application=org.eclipse.jdt.ls.core.id1 -Dosgi.bundles.defaultStartLevel=4 -Declipse.product=org.eclipse.jdt.ls.core.product -Dfile.encoding=utf8 -DwatchParentProcess=false -XX:+UseParallelGC -XX:GCTimeRatio=4 -XX:AdaptiveSizePolicyWeight=90 -Dsun.zip.disableMemoryMapping=true -Xmx1G -Xms100m -Xverify:none c:\Users\USER\.vscode\extensions\redhat.java-0.80.0\server\plugins\org.eclipse.equinox.launcher_1.6.200.v20210416-2027.jar -configuration c:\Users\USER\AppData\Roaming\Code\User\globalStorage\redhat.java\0.80.0\config_win -data c:\Users\USER\AppData\Roaming\Code\User\workspaceStorage\128ed7eb3bf47f8a7b587e094e6771ab\redhat.java\jdt_ws

Host: Intel(R) Celeron(R) N4000 CPU @ 1.10GHz, 2 cores, 3G,  Windows 10 , 64 bit Build 19041 (10.0.19041.1023)
Time: Tue Jul 20 10:58:57 2021 Hora est. Pacífico, Sudamérica elapsed time: 26.399943 seconds (0d 0h 0m 26s)

---------------  T H R E A D  ---------------

Current thread (0x0000023334580000):  JavaThread "C2 CompilerThread0" daemon [_thread_in_native, id=5704, stack(0x000000f4e5a00000,0x000000f4e5b00000)]


Current CompileTask:
C2:  26400 2641   !   4       org.eclipse.osgi.internal.loader.classpath.ClasspathManager::findClassImpl (308 bytes)

Stack: [0x000000f4e5a00000,0x000000f4e5b00000]
Native frames: (J=compiled Java code, j=interpreted, Vv=VM code, C=native code)
V  [jvm.dll+0x5f7e5a]
V  [jvm.dll+0x77ff2e]
V  [jvm.dll+0x7815ff]
V  [jvm.dll+0x781cc3]
V  [jvm.dll+0x247408]
V  [jvm.dll+0xbe69c]
V  [jvm.dll+0xbed9c]
V  [jvm.dll+0x34cb02]
V  [jvm.dll+0x1990e9]
V  [jvm.dll+0x200e92]
V  [jvm.dll+0x1fff6f]
V  [jvm.dll+0x184f1c]
V  [jvm.dll+0x20f3e7]
V  [jvm.dll+0x20d5cb]
V  [jvm.dll+0x7442f9]
V  [jvm.dll+0x73d364]
V  [jvm.dll+0x5f6cd6]
C  [ucrtbase.dll+0x21bb2]
C  [KERNEL32.DLL+0x17034]
C  [ntdll.dll+0x52651]


---------------  P R O C E S S  ---------------

Threads class SMR info:
_java_thread_list=0x00000233363e07a0, length=22, elements={
0x000002331a4a8800, 0x000002333451d800, 0x000002333450d000, 0x0000023334579800,
0x000002333457d800, 0x000002333457e800, 0x0000023334580000, 0x000002333452d000,
0x0000023335088800, 0x000002333510b800, 0x00000233355e7800, 0x0000023335414000,
0x0000023335585800, 0x0000023335629000, 0x0000023335a49000, 0x00000233357db800,
0x0000023336057800, 0x00000233354f7800, 0x0000023335c0c000, 0x0000023335c0d800,
0x0000023335c0c800, 0x0000023335c0a800
}

Java Threads: ( => current thread )
  0x000002331a4a8800 JavaThread "main" [_thread_blocked, id=13668, stack(0x000000f4e5200000,0x000000f4e5300000)]
  0x000002333451d800 JavaThread "Reference Handler" daemon [_thread_blocked, id=10652, stack(0x000000f4e5500000,0x000000f4e5600000)]
  0x000002333450d000 JavaThread "Finalizer" daemon [_thread_blocked, id=20616, stack(0x000000f4e5600000,0x000000f4e5700000)]
  0x0000023334579800 JavaThread "Signal Dispatcher" daemon [_thread_blocked, id=14232, stack(0x000000f4e5700000,0x000000f4e5800000)]
  0x000002333457d800 JavaThread "Attach Listener" daemon [_thread_blocked, id=10280, stack(0x000000f4e5800000,0x000000f4e5900000)]
  0x000002333457e800 JavaThread "Service Thread" daemon [_thread_blocked, id=18020, stack(0x000000f4e5900000,0x000000f4e5a00000)]
=>0x0000023334580000 JavaThread "C2 CompilerThread0" daemon [_thread_in_native, id=5704, stack(0x000000f4e5a00000,0x000000f4e5b00000)]
  0x000002333452d000 JavaThread "C1 CompilerThread0" daemon [_thread_blocked, id=688, stack(0x000000f4e5b00000,0x000000f4e5c00000)]
  0x0000023335088800 JavaThread "Sweeper thread" daemon [_thread_blocked, id=14908, stack(0x000000f4e5c00000,0x000000f4e5d00000)]
  0x000002333510b800 JavaThread "Common-Cleaner" daemon [_thread_blocked, id=7592, stack(0x000000f4e5d00000,0x000000f4e5e00000)]
  0x00000233355e7800 JavaThread "Active Thread: Equinox Container: ff9851c2-9d01-421a-9430-5c96d539c989" [_thread_blocked, id=18420, stack(0x000000f4e5f00000,0x000000f4e6000000)]
  0x0000023335414000 JavaThread "Framework Event Dispatcher: Equinox Container: ff9851c2-9d01-421a-9430-5c96d539c989" daemon [_thread_blocked, id=10356, stack(0x000000f4e6000000,0x000000f4e6100000)]
  0x0000023335585800 JavaThread "Start Level: Equinox Container: ff9851c2-9d01-421a-9430-5c96d539c989" daemon [_thread_blocked, id=1040, stack(0x000000f4e6100000,0x000000f4e6200000)]
  0x0000023335629000 JavaThread "SCR Component Actor" daemon [_thread_blocked, id=7472, stack(0x000000f4e6300000,0x000000f4e6400000)]
  0x0000023335a49000 JavaThread "Bundle File Closer" daemon [_thread_blocked, id=10080, stack(0x000000f4e6500000,0x000000f4e6600000)]
  0x00000233357db800 JavaThread "Worker-JM" [_thread_blocked, id=17960, stack(0x000000f4e6600000,0x000000f4e6700000)]
  0x0000023336057800 JavaThread "Worker-0" [_thread_blocked, id=12476, stack(0x000000f4e6700000,0x000000f4e6800000)]
  0x00000233354f7800 JavaThread "Worker-1: Updating Maven Dependencies" [_thread_blocked, id=19840, stack(0x000000f4e6800000,0x000000f4e6900000)]
  0x0000023335c0c000 JavaThread "Worker-2: Repository registry initialization" [_thread_blocked, id=6768, stack(0x000000f4e6900000,0x000000f4e6a00000)]
  0x0000023335c0d800 JavaThread "Java indexing" daemon [_thread_blocked, id=11532, stack(0x000000f4e6a00000,0x000000f4e6b00000)]
  0x0000023335c0c800 JavaThread "logback configurator timer" daemon [_thread_blocked, id=15056, stack(0x000000f4e6400000,0x000000f4e6500000)]
  0x0000023335c0a800 JavaThread "Worker-3" [_thread_blocked, id=13936, stack(0x000000f4e6b00000,0x000000f4e6c00000)]

Other Threads:
  0x0000023334486000 VMThread "VM Thread" [stack: 0x000000f4e5400000,0x000000f4e5500000] [id=18936]
  0x0000023335303000 WatcherThread [stack: 0x000000f4e5e00000,0x000000f4e5f00000] [id=16552]
  0x000002331a4c2800 GCTaskThread "ParGC Thread#0" [stack: 0x000000f4e5300000,0x000000f4e5400000] [id=12952]
  0x0000023335182800 GCTaskThread "ParGC Thread#1" [stack: 0x000000f4e6200000,0x000000f4e6300000] [id=7060]

Threads with active compile tasks:
C2 CompilerThread0  26783 2641   !   4       org.eclipse.osgi.internal.loader.classpath.ClasspathManager::findClassImpl (308 bytes)

VM state:at safepoint (normal execution)

VM Mutex/Monitor currently owned by a thread:  ([mutex/lock_event])
[0x000002331a4a6d40] Threads_lock - owner thread: 0x0000023334486000
[0x000002331a4a6e60] Heap_lock - owner thread: 0x000002331a4a8800

Heap address: 0x00000000c0000000, size: 1024 MB, Compressed Oops mode: 32-bit
Narrow klass base: 0x0000000000000000, Narrow klass shift: 3
Compressed class space size: 1073741824 Address: 0x0000000100000000

Heap:
 PSYoungGen      total 29696K, used 3657K [0x00000000eab00000, 0x00000000ecc00000, 0x0000000100000000)
  eden space 25600K, 0% used [0x00000000eab00000,0x00000000eab00000,0x00000000ec400000)
  from space 4096K, 89% used [0x00000000ec800000,0x00000000ecb92728,0x00000000ecc00000)
  to   space 4096K, 0% used [0x00000000ec400000,0x00000000ec400000,0x00000000ec800000)
 ParOldGen       total 68608K, used 9445K [0x00000000c0000000, 0x00000000c4300000, 0x00000000eab00000)
  object space 68608K, 13% used [0x00000000c0000000,0x00000000c0939730,0x00000000c4300000)
 Metaspace       used 30192K, capacity 32067K, committed 32128K, reserved 1083392K
  class space    used 2959K, capacity 3657K, committed 3712K, reserved 1048576K

Card table byte_map: [0x0000023319e70000,0x000002331a080000] _byte_map_base: 0x0000023319870000

Marking Bits: (ParMarkBitMap*) 0x00007ffb4ed7d340
 Begin Bits: [0x0000023331bc0000, 0x0000023332bc0000)
 End Bits:   [0x0000023332bc0000, 0x0000023333bc0000)

Polling page: 0x0000023318420000

Metaspace:

Usage:
  Non-class:     27.74 MB capacity,    26.60 MB ( 96%) used,     1.09 MB (  4%) free+waste,    59.63 KB ( <1%) overhead. 
      Class:      3.57 MB capacity,     2.89 MB ( 81%) used,   667.59 KB ( 18%) free+waste,    30.00 KB ( <1%) overhead. 
       Both:     31.32 MB capacity,    29.49 MB ( 94%) used,     1.74 MB (  6%) free+waste,    89.63 KB ( <1%) overhead. 

Virtual space:
  Non-class space:       34.00 MB reserved,      27.75 MB ( 82%) committed 
      Class space:        1.00 GB reserved,       3.63 MB ( <1%) committed 
             Both:        1.03 GB reserved,      31.38 MB (  3%) committed 

Chunk freelists:
   Non-Class:  6.00 KB
       Class:  23.00 KB
        Both:  29.00 KB

MaxMetaspaceSize: 17179869184.00 GB
CompressedClassSpaceSize: 1.00 GB

CodeHeap 'non-profiled nmethods': size=120064Kb used=878Kb max_used=878Kb free=119185Kb
 bounds [0x000002332a680000, 0x000002332a8f0000, 0x0000023331bc0000]
CodeHeap 'profiled nmethods': size=120000Kb used=5934Kb max_used=5934Kb free=114065Kb
 bounds [0x0000023323150000, 0x0000023323720000, 0x000002332a680000]
CodeHeap 'non-nmethods': size=5696Kb used=1166Kb max_used=1180Kb free=4529Kb
 bounds [0x0000023322bc0000, 0x0000023322e30000, 0x0000023323150000]
 total_blobs=3194 nmethods=2671 adapters=437
 compilation: enabled
              stopped_count=0, restarted_count=0
 full_count=0

Compilation events (20 events):
Event: 25.429 Thread 0x0000023334580000 nmethod 2631 0x000002332a756490 code [0x000002332a756680, 0x000002332a756e70]
Event: 25.438 Thread 0x000002333452d000 2632       3       org.eclipse.osgi.internal.loader.BundleLoader::getAndSetTrigger (9 bytes)
Event: 25.440 Thread 0x000002333452d000 nmethod 2632 0x00000233236ffe90 code [0x00000233237000e0, 0x0000023323700828]
Event: 25.455 Thread 0x0000023334580000 2633   !   4       org.eclipse.osgi.storage.bundlefile.CloseableBundleFile::getEntry (28 bytes)
Event: 25.523 Thread 0x0000023334580000 nmethod 2633 0x000002332a757310 code [0x000002332a757580, 0x000002332a7583a0]
Event: 25.523 Thread 0x0000023334580000 2634       4       org.eclipse.osgi.storage.bundlefile.ZipBundleFile::findEntry (62 bytes)
Event: 25.550 Thread 0x0000023334580000 nmethod 2634 0x000002332a759190 code [0x000002332a759380, 0x000002332a7599c8]
Event: 25.835 Thread 0x000002333452d000 2635       3       org.eclipse.core.internal.preferences.PreferencesService::getDefault (20 bytes)
Event: 25.836 Thread 0x000002333452d000 nmethod 2635 0x0000023323700b10 code [0x0000023323700d00, 0x0000023323701168]
Event: 25.871 Thread 0x0000023334580000 2640       4       org.eclipse.osgi.internal.loader.classpath.ClasspathEntry::findEntry (56 bytes)
Event: 25.873 Thread 0x0000023334580000 nmethod 2640 0x000002332a75a710 code [0x000002332a75a8c0, 0x000002332a75a988]
Event: 25.873 Thread 0x0000023334580000 2641   !   4       org.eclipse.osgi.internal.loader.classpath.ClasspathManager::findClassImpl (308 bytes)
Event: 25.977 Thread 0x000002333452d000 2642       3       java.nio.file.Files::provider (10 bytes)
Event: 25.977 Thread 0x000002333452d000 nmethod 2642 0x0000023323701310 code [0x00000233237014e0, 0x0000023323701738]
Event: 25.977 Thread 0x000002333452d000 2643       3       sun.nio.fs.WindowsPath::getFileSystem (5 bytes)
Event: 25.978 Thread 0x000002333452d000 nmethod 2643 0x0000023323701810 code [0x00000233237019c0, 0x0000023323701b58]
Event: 25.978 Thread 0x000002333452d000 2644       3       sun.nio.fs.WindowsPath::toWindowsPath (32 bytes)
Event: 25.978 Thread 0x000002333452d000 nmethod 2644 0x0000023323701c10 code [0x0000023323701e00, 0x0000023323702258]
Event: 25.991 Thread 0x000002333452d000 2645       3       java.util.concurrent.atomic.AtomicInteger::incrementAndGet (14 bytes)
Event: 25.991 Thread 0x000002333452d000 nmethod 2645 0x0000023323702390 code [0x0000023323702540, 0x0000023323702658]

GC Heap History (8 events):
Event: 11.898 GC heap before
{Heap before GC invocations=1 (full 0):
 PSYoungGen      total 29696K, used 25600K [0x00000000eab00000, 0x00000000ecc00000, 0x0000000100000000)
  eden space 25600K, 100% used [0x00000000eab00000,0x00000000ec400000,0x00000000ec400000)
  from space 4096K, 0% used [0x00000000ec800000,0x00000000ec800000,0x00000000ecc00000)
  to   space 4096K, 0% used [0x00000000ec400000,0x00000000ec400000,0x00000000ec800000)
 ParOldGen       total 68608K, used 0K [0x00000000c0000000, 0x00000000c4300000, 0x00000000eab00000)
  object space 68608K, 0% used [0x00000000c0000000,0x00000000c0000000,0x00000000c4300000)
 Metaspace       used 13323K, capacity 13696K, committed 13952K, reserved 1062912K
  class space    used 1229K, capacity 1330K, committed 1408K, reserved 1048576K
}
Event: 12.362 GC heap after
{Heap after GC invocations=1 (full 0):
 PSYoungGen      total 29696K, used 4088K [0x00000000eab00000, 0x00000000ecc00000, 0x0000000100000000)
  eden space 25600K, 0% used [0x00000000eab00000,0x00000000eab00000,0x00000000ec400000)
  from space 4096K, 99% used [0x00000000ec400000,0x00000000ec7fe068,0x00000000ec800000)
  to   space 4096K, 0% used [0x00000000ec800000,0x00000000ec800000,0x00000000ecc00000)
 ParOldGen       total 68608K, used 767K [0x00000000c0000000, 0x00000000c4300000, 0x00000000eab00000)
  object space 68608K, 1% used [0x00000000c0000000,0x00000000c00bfdb8,0x00000000c4300000)
 Metaspace       used 13323K, capacity 13696K, committed 13952K, reserved 1062912K
  class space    used 1229K, capacity 1330K, committed 1408K, reserved 1048576K
}
Event: 18.354 GC heap before
{Heap before GC invocations=2 (full 0):
 PSYoungGen      total 29696K, used 27848K [0x00000000eab00000, 0x00000000ecc00000, 0x0000000100000000)
  eden space 25600K, 92% used [0x00000000eab00000,0x00000000ec2341f0,0x00000000ec400000)
  from space 4096K, 99% used [0x00000000ec400000,0x00000000ec7fe068,0x00000000ec800000)
  to   space 4096K, 0% used [0x00000000ec800000,0x00000000ec800000,0x00000000ecc00000)
 ParOldGen       total 68608K, used 767K [0x00000000c0000000, 0x00000000c4300000, 0x00000000eab00000)
  object space 68608K, 1% used [0x00000000c0000000,0x00000000c00bfdb8,0x00000000c4300000)
 Metaspace       used 20272K, capacity 21151K, committed 21248K, reserved 1069056K
  class space    used 1895K, capacity 2238K, committed 2304K, reserved 1048576K
}
Event: 18.380 GC heap after
{Heap after GC invocations=2 (full 0):
 PSYoungGen      total 29696K, used 4074K [0x00000000eab00000, 0x00000000ecc00000, 0x0000000100000000)
  eden space 25600K, 0% used [0x00000000eab00000,0x00000000eab00000,0x00000000ec400000)
  from space 4096K, 99% used [0x00000000ec800000,0x00000000ecbfabb8,0x00000000ecc00000)
  to   space 4096K, 0% used [0x00000000ec400000,0x00000000ec400000,0x00000000ec800000)
 ParOldGen       total 68608K, used 5548K [0x00000000c0000000, 0x00000000c4300000, 0x00000000eab00000)
  object space 68608K, 8% used [0x00000000c0000000,0x00000000c056b140,0x00000000c4300000)
 Metaspace       used 20272K, capacity 21151K, committed 21248K, reserved 1069056K
  class space    used 1895K, capacity 2238K, committed 2304K, reserved 1048576K
}
Event: 18.380 GC heap before
{Heap before GC invocations=3 (full 1):
 PSYoungGen      total 29696K, used 4074K [0x00000000eab00000, 0x00000000ecc00000, 0x0000000100000000)
  eden space 25600K, 0% used [0x00000000eab00000,0x00000000eab00000,0x00000000ec400000)
  from space 4096K, 99% used [0x00000000ec800000,0x00000000ecbfabb8,0x00000000ecc00000)
  to   space 4096K, 0% used [0x00000000ec400000,0x00000000ec400000,0x00000000ec800000)
 ParOldGen       total 68608K, used 5548K [0x00000000c0000000, 0x00000000c4300000, 0x00000000eab00000)
  object space 68608K, 8% used [0x00000000c0000000,0x00000000c056b140,0x00000000c4300000)
 Metaspace       used 20272K, capacity 21151K, committed 21248K, reserved 1069056K
  class space    used 1895K, capacity 2238K, committed 2304K, reserved 1048576K
}
Event: 18.578 GC heap after
{Heap after GC invocations=3 (full 1):
 PSYoungGen      total 29696K, used 0K [0x00000000eab00000, 0x00000000ecc00000, 0x0000000100000000)
  eden space 25600K, 0% used [0x00000000eab00000,0x00000000eab00000,0x00000000ec400000)
  from space 4096K, 0% used [0x00000000ec800000,0x00000000ec800000,0x00000000ecc00000)
  to   space 4096K, 0% used [0x00000000ec400000,0x00000000ec400000,0x00000000ec800000)
 ParOldGen       total 68608K, used 9437K [0x00000000c0000000, 0x00000000c4300000, 0x00000000eab00000)
  object space 68608K, 13% used [0x00000000c0000000,0x00000000c0937718,0x00000000c4300000)
 Metaspace       used 20272K, capacity 21151K, committed 21248K, reserved 1069056K
  class space    used 1895K, capacity 2238K, committed 2304K, reserved 1048576K
}
Event: 23.202 GC heap before
{Heap before GC invocations=4 (full 1):
 PSYoungGen      total 29696K, used 25600K [0x00000000eab00000, 0x00000000ecc00000, 0x0000000100000000)
  eden space 25600K, 100% used [0x00000000eab00000,0x00000000ec400000,0x00000000ec400000)
  from space 4096K, 0% used [0x00000000ec800000,0x00000000ec800000,0x00000000ecc00000)
  to   space 4096K, 0% used [0x00000000ec400000,0x00000000ec400000,0x00000000ec800000)
 ParOldGen       total 68608K, used 9437K [0x00000000c0000000, 0x00000000c4300000, 0x00000000eab00000)
  object space 68608K, 13% used [0x00000000c0000000,0x00000000c0937718,0x00000000c4300000)
 Metaspace       used 26732K, capacity 28287K, committed 28544K, reserved 1075200K
  class space    used 2506K, capacity 3074K, committed 3200K, reserved 1048576K
}
Event: 23.229 GC heap after
{Heap after GC invocations=4 (full 1):
 PSYoungGen      total 29696K, used 2889K [0x00000000eab00000, 0x00000000ecc00000, 0x0000000100000000)
  eden space 25600K, 0% used [0x00000000eab00000,0x00000000eab00000,0x00000000ec400000)
  from space 4096K, 70% used [0x00000000ec400000,0x00000000ec6d25c0,0x00000000ec800000)
  to   space 4096K, 0% used [0x00000000ec800000,0x00000000ec800000,0x00000000ecc00000)
 ParOldGen       total 68608K, used 9437K [0x00000000c0000000, 0x00000000c4300000, 0x00000000eab00000)
  object space 68608K, 13% used [0x00000000c0000000,0x00000000c0937718,0x00000000c4300000)
 Metaspace       used 26732K, capacity 28287K, committed 28544K, reserved 1075200K
  class space    used 2506K, capacity 3074K, committed 3200K, reserved 1048576K
}

Deoptimization events (20 events):
Event: 23.576 Thread 0x0000023335585800 Uncommon trap: trap_request=0xffffff4d fr.pc=0x000002332a694e2c relative=0x000000000000034c
Event: 23.576 Thread 0x0000023335585800 Uncommon trap: reason=unstable_if action=reinterpret pc=0x000002332a694e2c method=java.lang.Integer.parseInt(Ljava/lang/String;I)I @ 119 c2
Event: 23.576 Thread 0x0000023335585800 DEOPT PACKING pc=0x000002332a694e2c sp=0x000000f4e61f96a0
Event: 23.576 Thread 0x0000023335585800 DEOPT UNPACKING pc=0x0000023322be5aa9 sp=0x000000f4e61f9608 mode 2
Event: 23.587 Thread 0x0000023335585800 Uncommon trap: trap_request=0xffffff7e fr.pc=0x000002332a73a034 relative=0x00000000000005d4
Event: 23.587 Thread 0x0000023335585800 Uncommon trap: reason=predicate action=maybe_recompile pc=0x000002332a73a034 method=java.util.TreeMap.getEntryUsingComparator(Ljava/lang/Object;)Ljava/util/TreeMap$Entry; @ 19 c2
Event: 23.587 Thread 0x0000023335585800 DEOPT PACKING pc=0x000002332a73a034 sp=0x000000f4e61f9490
Event: 23.587 Thread 0x0000023335585800 DEOPT UNPACKING pc=0x0000023322be5aa9 sp=0x000000f4e61f93b0 mode 2
Event: 24.287 Thread 0x00000233354f7800 DEOPT PACKING pc=0x0000023323558e1c sp=0x000000f4e68fdcf0
Event: 24.287 Thread 0x00000233354f7800 DEOPT UNPACKING pc=0x0000023322be5ebf sp=0x000000f4e68fd2d0 mode 0
Event: 24.689 Thread 0x0000023335585800 Uncommon trap: trap_request=0xffffff4d fr.pc=0x000002332a7381a4 relative=0x0000000000000e84
Event: 24.689 Thread 0x0000023335585800 Uncommon trap: reason=unstable_if action=reinterpret pc=0x000002332a7381a4 method=java.util.TreeMap.put(Ljava/lang/Object;Ljava/lang/Object;)Ljava/lang/Object; @ 55 c2
Event: 24.689 Thread 0x0000023335585800 DEOPT PACKING pc=0x000002332a7381a4 sp=0x000000f4e61fcc10
Event: 24.689 Thread 0x0000023335585800 DEOPT UNPACKING pc=0x0000023322be5aa9 sp=0x000000f4e61fcbd8 mode 2
Event: 25.436 Thread 0x000002331a4a8800 DEOPT PACKING pc=0x00000233236cf2ce sp=0x000000f4e52faa80
Event: 25.436 Thread 0x000002331a4a8800 DEOPT UNPACKING pc=0x0000023322be5ebf sp=0x000000f4e52f9f58 mode 0
Event: 25.480 Thread 0x000002331a4a8800 Uncommon trap: trap_request=0xffffff4d fr.pc=0x000002332a74794c relative=0x000000000000122c
Event: 25.480 Thread 0x000002331a4a8800 Uncommon trap: reason=unstable_if action=reinterpret pc=0x000002332a74794c method=java.util.Properties.loadConvert([CIILjava/lang/StringBuilder;)Ljava/lang/String; @ 461 c2
Event: 25.480 Thread 0x000002331a4a8800 DEOPT PACKING pc=0x000002332a74794c sp=0x000000f4e52fac40
Event: 25.480 Thread 0x000002331a4a8800 DEOPT UNPACKING pc=0x0000023322be5aa9 sp=0x000000f4e52fac08 mode 2

Classes redefined (0 events):
No events

Internal exceptions (20 events):
Event: 8.196 Thread 0x000002331a4a8800 Exception <a 'java/lang/NoSuchMethodError'{0x00000000ec02a250}: 'java.lang.Object java.lang.invoke.DirectMethodHandle$Holder.invokeStatic(java.lang.Object, int, java.lang.Object)'> (0x00000000ec02a250) thrown at [./src/hotspot/share/interpreter/linkResolver.cpp, line 773]
Event: 8.206 Thread 0x000002331a4a8800 Exception <a 'java/lang/NoSuchMethodError'{0x00000000ec046098}: 'java.lang.Object java.lang.invoke.Invokers$Holder.linkToTargetMethod(java.lang.Object, java.lang.Object, java.lang.Object, int, java.lang.Object, java.lang.Object)'> (0x00000000ec046098) thrown at [./src/hotspot/share/interpreter/linkResolver.cpp, line 773]
Event: 11.479 Thread 0x000002331a4a8800 Exception <a 'java/lang/UnsatisfiedLinkError'{0x00000000ec366900}: 'void org.eclipse.equinox.launcher.JNIBridge._update_splash()'> (0x00000000ec366900) thrown at [./src/hotspot/share/prims/nativeLookup.cpp, line 526]
Event: 12.363 Thread 0x0000023335414000 Implicit null exception at 0x000002332a6b310b to 0x000002332a6b31d0
Event: 13.630 Thread 0x0000023335585800 Exception <a 'java/lang/NoSuchMethodError'{0x00000000eae19380}: 'java.lang.Object java.lang.invoke.DirectMethodHandle$Holder.invokeStatic(java.lang.Object, java.lang.Object, java.lang.Object, java.lang.Object, java.lang.Object, java.lang.Object, java.lang.Object, java.lang.Object, java.lang.Object, java.lang.Object, java.lang.Object, java.lang.Object, java.lang.Object, java.lang.Object, java.lang.Object)'> (0x00000000eae19380) thrown at [./src/hotspot/share/interpreter/linkResolver.cpp, line 773]
Event: 13.645 Thread 0x0000023335585800 Exception <a 'java/lang/NoSuchMethodError'{0x00000000eae275f8}: 'java.lang.Object java.lang.invoke.DirectMethodHandle$Holder.invokeStatic(java.lang.Object, java.lang.Object, java.lang.Object, java.lang.Object, java.lang.Object, java.lang.Object, java.lang.Object, java.lang.Object, java.lang.Object, java.lang.Object, java.lang.Object, java.lang.Object, java.lang.Object, java.lang.Object, java.lang.Object, java.lang.Object)'> (0x00000000eae275f8) thrown at [./src/hotspot/share/interpreter/linkResolver.cpp, l
Event: 13.675 Thread 0x0000023335585800 Exception <a 'java/lang/NoSuchMethodError'{0x00000000eae35b18}: 'java.lang.Object java.lang.invoke.DirectMethodHandle$Holder.invokeSpecial(java.lang.Object, java.lang.Object, int, int, java.lang.Object, java.lang.Object, java.lang.Object)'> (0x00000000eae35b18) thrown at [./src/hotspot/share/interpreter/linkResolver.cpp, line 773]
Event: 13.676 Thread 0x0000023335585800 Exception <a 'java/lang/NoSuchMethodError'{0x00000000eae39350}: 'java.lang.Object java.lang.invoke.DelegatingMethodHandle$Holder.reinvoke_L(java.lang.Object, int, int, java.lang.Object, java.lang.Object, java.lang.Object)'> (0x00000000eae39350) thrown at [./src/hotspot/share/interpreter/linkResolver.cpp, line 773]
Event: 13.679 Thread 0x0000023335585800 Exception <a 'java/lang/NoSuchMethodError'{0x00000000eae3d6d0}: 'java.lang.Object java.lang.invoke.DirectMethodHandle$Holder.invokeStatic(java.lang.Object, java.lang.Object, java.lang.Object, java.lang.Object, int)'> (0x00000000eae3d6d0) thrown at [./src/hotspot/share/interpreter/linkResolver.cpp, line 773]
Event: 17.309 Thread 0x0000023335585800 Exception <a 'java/io/FileNotFoundException'{0x00000000ebb73958}> (0x00000000ebb73958) thrown at [./src/hotspot/share/prims/jni.cpp, line 615]
Event: 17.981 Thread 0x0000023335585800 Exception <a 'java/io/FileNotFoundException'{0x00000000ec036178}> (0x00000000ec036178) thrown at [./src/hotspot/share/prims/jni.cpp, line 615]
Event: 18.313 Thread 0x0000023335585800 Exception <a 'java/lang/NoSuchMethodError'{0x00000000ec19ed58}: 'int java.lang.invoke.DirectMethodHandle$Holder.invokeStaticInit(java.lang.Object, java.lang.Object, java.lang.Object)'> (0x00000000ec19ed58) thrown at [./src/hotspot/share/interpreter/linkResolver.cpp, line 773]
Event: 18.345 Thread 0x0000023335585800 Exception <a 'java/lang/IncompatibleClassChangeError'{0x00000000ec1e9e50}: Found class java.lang.Object, but interface was expected> (0x00000000ec1e9e50) thrown at [./src/hotspot/share/interpreter/linkResolver.cpp, line 839]
Event: 19.645 Thread 0x0000023335585800 Exception <a 'java/lang/ClassNotFoundException'{0x00000000ebb9cf90}: com/sun/org/apache/xml/internal/serializer/spi/XMLEntitiesProvider> (0x00000000ebb9cf90) thrown at [./src/hotspot/share/classfile/systemDictionary.cpp, line 231]
Event: 22.343 Thread 0x0000023335585800 Exception <a 'java/lang/NoSuchMethodError'{0x00000000ec239238}: 'void java.lang.invoke.DirectMethodHandle$Holder.invokeSpecial(java.lang.Object, java.lang.Object, java.lang.Object, int)'> (0x00000000ec239238) thrown at [./src/hotspot/share/interpreter/linkResolver.cpp, line 773]
Event: 23.194 Thread 0x0000023335585800 Exception <a 'java/lang/NoSuchMethodError'{0x00000000ec3eb520}: 'org.slf4j.impl.StaticMDCBinder org.slf4j.impl.StaticMDCBinder.getSingleton()'> (0x00000000ec3eb520) thrown at [./src/hotspot/share/interpreter/linkResolver.cpp, line 773]
Event: 23.410 Thread 0x0000023335585800 Exception <a 'java/io/FileNotFoundException'{0x00000000eac04308}> (0x00000000eac04308) thrown at [./src/hotspot/share/prims/jni.cpp, line 615]
Event: 23.575 Thread 0x0000023335585800 Exception <a 'java/io/FileNotFoundException'{0x00000000eac3c538}> (0x00000000eac3c538) thrown at [./src/hotspot/share/prims/jni.cpp, line 615]
Event: 23.593 Thread 0x0000023335585800 Exception <a 'java/io/FileNotFoundException'{0x00000000eac98e10}> (0x00000000eac98e10) thrown at [./src/hotspot/share/prims/jni.cpp, line 615]
Event: 24.689 Thread 0x0000023335585800 Implicit null exception at 0x000002332a737382 to 0x000002332a738184

Events (20 events):
Event: 25.858 loading class org/eclipse/core/internal/watson/ElementTree
Event: 25.858 loading class org/eclipse/core/internal/watson/ElementTree done
Event: 25.858 loading class org/eclipse/core/internal/resources/Resource
Event: 25.858 loading class org/eclipse/core/internal/resources/Resource done
Event: 25.861 Executing VM operation: RevokeBias
Event: 25.861 Executing VM operation: RevokeBias done
Event: 25.972 Executing VM operation: RevokeBias
Event: 25.973 Executing VM operation: RevokeBias done
Event: 25.976 loading class org/eclipse/lsp4j/jsonrpc/MessageConsumer
Event: 25.976 loading class org/eclipse/lsp4j/jsonrpc/MessageConsumer done
Event: 25.980 Executing VM operation: BulkRevokeBias
Event: 25.981 Executing VM operation: BulkRevokeBias done
Event: 25.986 loading class org/eclipse/lsp4j/jsonrpc/MessageConsumer
Event: 25.986 loading class org/eclipse/lsp4j/jsonrpc/MessageConsumer done
Event: 25.991 loading class org/eclipse/lsp4j/jsonrpc/services/AnnotationUtil$MethodInfo
Event: 25.991 loading class org/eclipse/lsp4j/jsonrpc/services/AnnotationUtil$MethodInfo done
Event: 26.240 loading class java/util/concurrent/CompletableFuture
Event: 26.241 loading class java/util/concurrent/CompletionStage
Event: 26.241 loading class java/util/concurrent/CompletionStage done
Event: 26.379 loading class java/util/concurrent/CompletableFuture done


Dynamic libraries:
0x00007ff76a310000 - 0x00007ff76a31d000 	C:\Program Files\AdoptOpenJDK\jdk-11.0.11.9-hotspot\bin\java.exe
0x00007ffb8fef0000 - 0x00007ffb900e5000 	C:\WINDOWS\SYSTEM32\ntdll.dll
0x00007ffb8f920000 - 0x00007ffb8f9dd000 	C:\WINDOWS\System32\KERNEL32.DLL
0x00007ffb8d680000 - 0x00007ffb8d949000 	C:\WINDOWS\System32\KERNELBASE.dll
0x00007ffb8dd50000 - 0x00007ffb8de50000 	C:\WINDOWS\System32\ucrtbase.dll
0x00007ffb857e0000 - 0x00007ffb857f7000 	C:\Program Files\AdoptOpenJDK\jdk-11.0.11.9-hotspot\bin\jli.dll
0x00007ffb8e3f0000 - 0x00007ffb8e590000 	C:\WINDOWS\System32\USER32.dll
0x00007ffb8dcc0000 - 0x00007ffb8dce2000 	C:\WINDOWS\System32\win32u.dll
0x00007ffb8fdd0000 - 0x00007ffb8fdfa000 	C:\WINDOWS\System32\GDI32.dll
0x00007ffb8de50000 - 0x00007ffb8df5b000 	C:\WINDOWS\System32\gdi32full.dll
0x00007ffb8da00000 - 0x00007ffb8da9d000 	C:\WINDOWS\System32\msvcp_win.dll
0x00007ffb7f210000 - 0x00007ffb7f4aa000 	C:\WINDOWS\WinSxS\amd64_microsoft.windows.common-controls_6595b64144ccf1df_6.0.19041.1083_none_60bbe31371f34e71\COMCTL32.dll
0x00007ffb8f9f0000 - 0x00007ffb8fa8e000 	C:\WINDOWS\System32\msvcrt.dll
0x00007ffb84620000 - 0x00007ffb84635000 	C:\Program Files\AdoptOpenJDK\jdk-11.0.11.9-hotspot\bin\VCRUNTIME140.dll
0x00007ffb8ed30000 - 0x00007ffb8ed60000 	C:\WINDOWS\System32\IMM32.DLL
0x00007ffb54850000 - 0x00007ffb548eb000 	C:\Program Files\AdoptOpenJDK\jdk-11.0.11.9-hotspot\bin\msvcp140.dll
0x00007ffb4e2f0000 - 0x00007ffb4ee3b000 	C:\Program Files\AdoptOpenJDK\jdk-11.0.11.9-hotspot\bin\server\jvm.dll
0x00007ffb8e660000 - 0x00007ffb8e70c000 	C:\WINDOWS\System32\ADVAPI32.dll
0x00007ffb8fca0000 - 0x00007ffb8fd3b000 	C:\WINDOWS\System32\sechost.dll
0x00007ffb8eb90000 - 0x00007ffb8ecba000 	C:\WINDOWS\System32\RPCRT4.dll
0x00007ffb8ecc0000 - 0x00007ffb8ecc8000 	C:\WINDOWS\System32\PSAPI.DLL
0x00007ffb88b20000 - 0x00007ffb88b29000 	C:\WINDOWS\SYSTEM32\WSOCK32.dll
0x00007ffb8e5f0000 - 0x00007ffb8e65b000 	C:\WINDOWS\System32\WS2_32.dll
0x00007ffb7ed90000 - 0x00007ffb7edb7000 	C:\WINDOWS\SYSTEM32\WINMM.dll
0x00007ffb87940000 - 0x00007ffb8794a000 	C:\WINDOWS\SYSTEM32\VERSION.dll
0x00007ffb8c240000 - 0x00007ffb8c252000 	C:\WINDOWS\SYSTEM32\kernel.appcore.dll
0x00007ffb881f0000 - 0x00007ffb88200000 	C:\Program Files\AdoptOpenJDK\jdk-11.0.11.9-hotspot\bin\verify.dll
0x00007ffb8c020000 - 0x00007ffb8c204000 	C:\WINDOWS\SYSTEM32\DBGHELP.DLL
0x00007ffb815d0000 - 0x00007ffb815fc000 	C:\WINDOWS\SYSTEM32\dbgcore.DLL
0x00007ffb8daa0000 - 0x00007ffb8db23000 	C:\WINDOWS\System32\bcryptPrimitives.dll
0x00007ffb7ec60000 - 0x00007ffb7ec88000 	C:\Program Files\AdoptOpenJDK\jdk-11.0.11.9-hotspot\bin\java.dll
0x00007ffb857c0000 - 0x00007ffb857ca000 	C:\Program Files\AdoptOpenJDK\jdk-11.0.11.9-hotspot\bin\jimage.dll
0x00007ffb7ec20000 - 0x00007ffb7ec37000 	C:\Program Files\AdoptOpenJDK\jdk-11.0.11.9-hotspot\bin\zip.dll
0x00007ffb8ed60000 - 0x00007ffb8f49f000 	C:\WINDOWS\System32\SHELL32.dll
0x00007ffb8b200000 - 0x00007ffb8b991000 	C:\WINDOWS\SYSTEM32\windows.storage.dll
0x00007ffb8e710000 - 0x00007ffb8ea65000 	C:\WINDOWS\System32\combase.dll
0x00007ffb8cfd0000 - 0x00007ffb8cffc000 	C:\WINDOWS\SYSTEM32\Wldp.dll
0x00007ffb8e040000 - 0x00007ffb8e0ee000 	C:\WINDOWS\System32\SHCORE.dll
0x00007ffb8fa90000 - 0x00007ffb8fae5000 	C:\WINDOWS\System32\shlwapi.dll
0x00007ffb8d570000 - 0x00007ffb8d58f000 	C:\WINDOWS\SYSTEM32\profapi.dll
0x00007ffb78220000 - 0x00007ffb78239000 	C:\Program Files\AdoptOpenJDK\jdk-11.0.11.9-hotspot\bin\net.dll
0x00007ffb84280000 - 0x00007ffb8438a000 	C:\WINDOWS\SYSTEM32\WINHTTP.dll
0x00007ffb8cd30000 - 0x00007ffb8cd9a000 	C:\WINDOWS\system32\mswsock.dll
0x00007ffb73110000 - 0x00007ffb73122000 	C:\Program Files\AdoptOpenJDK\jdk-11.0.11.9-hotspot\bin\nio.dll
0x00007ffb89e90000 - 0x00007ffb89e9e000 	C:\Program Files\AdoptOpenJDK\jdk-11.0.11.9-hotspot\bin\sunmscapi.dll
0x00007ffb8db30000 - 0x00007ffb8dc8f000 	C:\WINDOWS\System32\CRYPT32.dll
0x00007ffb8d040000 - 0x00007ffb8d067000 	C:\WINDOWS\SYSTEM32\ncrypt.dll
0x00007ffb8d000000 - 0x00007ffb8d03b000 	C:\WINDOWS\SYSTEM32\NTASN1.dll
0x00007ffb89ea0000 - 0x00007ffb89ec5000 	C:\Program Files\AdoptOpenJDK\jdk-11.0.11.9-hotspot\bin\sunec.dll
0x00007ffb8cf10000 - 0x00007ffb8cf28000 	C:\WINDOWS\SYSTEM32\CRYPTSP.dll
0x00007ffb8c6d0000 - 0x00007ffb8c704000 	C:\WINDOWS\system32\rsaenh.dll
0x00007ffb8dc90000 - 0x00007ffb8dcb7000 	C:\WINDOWS\System32\bcrypt.dll
0x00007ffb8d4f0000 - 0x00007ffb8d51e000 	C:\WINDOWS\SYSTEM32\USERENV.dll
0x00007ffb8cf30000 - 0x00007ffb8cf3c000 	C:\WINDOWS\SYSTEM32\CRYPTBASE.dll
0x00007ffb8ca20000 - 0x00007ffb8ca5b000 	C:\WINDOWS\SYSTEM32\IPHLPAPI.DLL
0x00007ffb8f910000 - 0x00007ffb8f918000 	C:\WINDOWS\System32\NSI.dll
0x00007ffb8bf40000 - 0x00007ffb8bf57000 	C:\WINDOWS\SYSTEM32\dhcpcsvc6.DLL
0x00007ffb8bf20000 - 0x00007ffb8bf3d000 	C:\WINDOWS\SYSTEM32\dhcpcsvc.DLL
0x00007ffb8ca60000 - 0x00007ffb8cb2c000 	C:\WINDOWS\SYSTEM32\DNSAPI.dll
0x00007ffb88b70000 - 0x00007ffb88bae000 	C:\Users\USER\AppData\Roaming\Code\User\globalStorage\redhat.java\0.80.0\config_win\org.eclipse.equinox.launcher\org.eclipse.equinox.launcher.win32.win32.x86_64_1.2.300.v20210617-0451\eclipse_11502.dll
0x00007ffb89d40000 - 0x00007ffb89d51000 	C:\Users\USER\AppData\Roaming\Code\User\globalStorage\redhat.java\0.80.0\config_win\org.eclipse.osgi\23\0\.cp\jWinHttp-1.0.0.dll
0x00007ffb8e0f0000 - 0x00007ffb8e21a000 	C:\WINDOWS\System32\ole32.dll

dbghelp: loaded successfully - version: 4.0.5 - missing functions: none
symbol engine: initialized successfully - sym options: 0x614 - pdb path: .;C:\Program Files\AdoptOpenJDK\jdk-11.0.11.9-hotspot\bin;C:\WINDOWS\SYSTEM32;C:\WINDOWS\WinSxS\amd64_microsoft.windows.common-controls_6595b64144ccf1df_6.0.19041.1083_none_60bbe31371f34e71;C:\Program Files\AdoptOpenJDK\jdk-11.0.11.9-hotspot\bin\server;C:\Users\USER\AppData\Roaming\Code\User\globalStorage\redhat.java\0.80.0\config_win\org.eclipse.equinox.launcher\org.eclipse.equinox.launcher.win32.win32.x86_64_1.2.300.v20210617-0451;C:\Users\USER\AppData\Roaming\Code\User\globalStorage\redhat.java\0.80.0\config_win\org.eclipse.osgi\23\0\.cp

VM Arguments:
jvm_args: --add-modules=ALL-SYSTEM --add-opens=java.base/java.util=ALL-UNNAMED --add-opens=java.base/java.lang=ALL-UNNAMED -Declipse.application=org.eclipse.jdt.ls.core.id1 -Dosgi.bundles.defaultStartLevel=4 -Declipse.product=org.eclipse.jdt.ls.core.product -Dfile.encoding=utf8 -DwatchParentProcess=false -XX:+UseParallelGC -XX:GCTimeRatio=4 -XX:AdaptiveSizePolicyWeight=90 -Dsun.zip.disableMemoryMapping=true -Xmx1G -Xms100m -Xverify:none 
java_command: c:\Users\USER\.vscode\extensions\redhat.java-0.80.0\server\plugins\org.eclipse.equinox.launcher_1.6.200.v20210416-2027.jar -configuration c:\Users\USER\AppData\Roaming\Code\User\globalStorage\redhat.java\0.80.0\config_win -data c:\Users\USER\AppData\Roaming\Code\User\workspaceStorage\128ed7eb3bf47f8a7b587e094e6771ab\redhat.java\jdt_ws
java_class_path (initial): c:\Users\USER\.vscode\extensions\redhat.java-0.80.0\server\plugins\org.eclipse.equinox.launcher_1.6.200.v20210416-2027.jar
Launcher Type: SUN_STANDARD

[Global flags]
    uintx AdaptiveSizePolicyWeight                 = 90                                        {product} {command line}
     bool BytecodeVerificationLocal                = false                                     {product} {command line}
     bool BytecodeVerificationRemote               = false                                     {product} {command line}
     intx CICompilerCount                          = 2                                         {product} {ergonomic}
    uintx GCTimeRatio                              = 4                                         {product} {command line}
   size_t InitialHeapSize                          = 104857600                                 {product} {command line}
   size_t MaxHeapSize                              = 1073741824                                {product} {command line}
   size_t MaxNewSize                               = 357564416                                 {product} {ergonomic}
   size_t MinHeapDeltaBytes                        = 524288                                    {product} {ergonomic}
   size_t NewSize                                  = 34603008                                  {product} {ergonomic}
    uintx NonNMethodCodeHeapSize                   = 5825164                                {pd product} {ergonomic}
    uintx NonProfiledCodeHeapSize                  = 122916538                              {pd product} {ergonomic}
   size_t OldSize                                  = 70254592                                  {product} {ergonomic}
    uintx ProfiledCodeHeapSize                     = 122916538                              {pd product} {ergonomic}
    uintx ReservedCodeCacheSize                    = 251658240                              {pd product} {ergonomic}
     bool SegmentedCodeCache                       = true                                      {product} {ergonomic}
     bool UseCompressedClassPointers               = true                                 {lp64_product} {ergonomic}
     bool UseCompressedOops                        = true                                 {lp64_product} {ergonomic}
     bool UseLargePagesIndividualAllocation        = false                                  {pd product} {ergonomic}
     bool UseParallelGC                            = true                                      {product} {command line}

Logging:
Log output configuration:
 #0: stdout all=warning uptime,level,tags
 #1: stderr all=off uptime,level,tags

Environment Variables:
JAVA_HOME=C:\Program Files\AdoptOpenJDK\jdk-11.0.11.9-hotspot\
PATH=C:\Program Files\AdoptOpenJDK\jdk-11.0.11.9-hotspot\bin;C:\Python39\Scripts\;C:\Python39\;C:\Python38\Scripts\;C:\Python38\;C:\WINDOWS\system32;C:\WINDOWS;C:\WINDOWS\System32\Wbem;C:\WINDOWS\System32\WindowsPowerShell\v1.0\;C:\WINDOWS\System32\OpenSSH\;C:\Program Files (x86)\Windows Live\Shared;C:\ProgramData\chocolatey\bin;C:\Program Files\nodejs\;C:\Users\USER\AppData\Local\Microsoft\WindowsApps;C:\Users\USER\AppData\Local\Programs\Microsoft VS Code\bin;C:\Users\USER\AppData\Roaming\npm
USERNAME=USER
OS=Windows_NT
PROCESSOR_IDENTIFIER=Intel64 Family 6 Model 122 Stepping 1, GenuineIntel



---------------  S Y S T E M  ---------------

OS: Windows 10 , 64 bit Build 19041 (10.0.19041.1023)
OS uptime: 5 days 21:23 hours

CPU:total 2 (initial active 2) (2 cores per cpu, 1 threads per core) family 6 model 122 stepping 1 microcode 0x2e, cmov, cx8, fxsr, mmx, sse, sse2, sse3, ssse3, sse4.1, sse4.2, popcnt, aes, clmul, erms, 3dnowpref, tsc, tscinvbit, sha

Memory: 4k page, system-wide physical 3874M (238M free)
TotalPageFile size 15650M (AvailPageFile size 5M)
current process WorkingSet (physical memory assigned to process): 133M, peak: 134M
current process commit charge ("private bytes"): 227M, peak: 228M

vm_info: OpenJDK 64-Bit Server VM (11.0.11+9) for windows-amd64 JRE (11.0.11+9), built on Apr 20 2021 21:22:09 by "" with MS VC++ 15.9 (VS2017)

END.
