#
# There is insufficient memory for the Java Runtime Environment to continue.
# Native memory allocation (malloc) failed to allocate 2182896 bytes for Chunk::new
# Possible reasons:
#   The system is out of physical RAM or swap space
#   The process is running with CompressedOops enabled, and the Java Heap may be blocking the growth of the native heap
# Possible solutions:
#   Reduce memory load on the system
#   Increase physical memory or swap space
#   Check if swap backing store is full
#   Decrease Java heap size (-Xmx/-Xms)
#   Decrease number of Java threads
#   Decrease Java thread stack sizes (-Xss)
#   Set larger code cache with -XX:ReservedCodeCacheSize=
#   JVM is running with Unscaled Compressed Oops mode in which the Java heap is
#     placed in the first 4GB address space. The Java Heap base address is the
#     maximum limit for the native heap growth. Please use -XX:HeapBaseMinAddress
#     to set the Java Heap base and to place the Java Heap above 4GB virtual address.
# This output file may be truncated or incomplete.
#
#  Out of Memory Error (./src/hotspot/share/memory/arena.cpp:197), pid=18196, tid=14008
#
# JRE version: OpenJDK Runtime Environment AdoptOpenJDK-11.0.11+9 (11.0.11+9) (build 11.0.11+9)
# Java VM: OpenJDK 64-Bit Server VM AdoptOpenJDK-11.0.11+9 (11.0.11+9, mixed mode, tiered, compressed oops, parallel gc, windows-amd64)
# No core dump will be written. Minidumps are not enabled by default on client versions of Windows
#

---------------  S U M M A R Y ------------

Command Line: --add-modules=ALL-SYSTEM --add-opens=java.base/java.util=ALL-UNNAMED --add-opens=java.base/java.lang=ALL-UNNAMED -Declipse.application=org.eclipse.jdt.ls.core.id1 -Dosgi.bundles.defaultStartLevel=4 -Declipse.product=org.eclipse.jdt.ls.core.product -Dfile.encoding=utf8 -DwatchParentProcess=false -XX:+UseParallelGC -XX:GCTimeRatio=4 -XX:AdaptiveSizePolicyWeight=90 -Dsun.zip.disableMemoryMapping=true -Xmx1G -Xms100m -Xverify:none c:\Users\USER\.vscode\extensions\redhat.java-0.80.0\server\plugins\org.eclipse.equinox.launcher_1.6.200.v20210416-2027.jar -configuration c:\Users\USER\AppData\Roaming\Code\User\globalStorage\redhat.java\0.80.0\config_win -data c:\Users\USER\AppData\Roaming\Code\User\workspaceStorage\128ed7eb3bf47f8a7b587e094e6771ab\redhat.java\jdt_ws

Host: Intel(R) Celeron(R) N4000 CPU @ 1.10GHz, 2 cores, 3G,  Windows 10 , 64 bit Build 19041 (10.0.19041.1023)
Time: Tue Jul 20 10:59:30 2021 Hora est. Pacífico, Sudamérica elapsed time: 29.247576 seconds (0d 0h 0m 29s)

---------------  T H R E A D  ---------------

Current thread (0x000002da539e3800):  JavaThread "C2 CompilerThread0" daemon [_thread_in_native, id=14008, stack(0x000000e39c800000,0x000000e39c900000)]


Current CompileTask:
C2:  29247 3409   !   4       org.eclipse.osgi.internal.loader.classpath.ClasspathManager::defineClass (636 bytes)

Stack: [0x000000e39c800000,0x000000e39c900000]
Native frames: (J=compiled Java code, j=interpreted, Vv=VM code, C=native code)
V  [jvm.dll+0x5f7e5a]
V  [jvm.dll+0x77ff2e]
V  [jvm.dll+0x7815ff]
V  [jvm.dll+0x781cc3]
V  [jvm.dll+0x247408]
V  [jvm.dll+0xbe69c]
V  [jvm.dll+0xbed9c]
V  [jvm.dll+0x34cb47]
V  [jvm.dll+0x1992e1]
V  [jvm.dll+0x200e92]
V  [jvm.dll+0x1fff6f]
V  [jvm.dll+0x184f1c]
V  [jvm.dll+0x20f3e7]
V  [jvm.dll+0x20d5cb]
V  [jvm.dll+0x7442f9]
V  [jvm.dll+0x73d364]
V  [jvm.dll+0x5f6cd6]
C  [ucrtbase.dll+0x21bb2]
C  [KERNEL32.DLL+0x17034]
C  [ntdll.dll+0x52651]


---------------  P R O C E S S  ---------------

Threads class SMR info:
_java_thread_list=0x000002da55c29cd0, length=23, elements={
0x000002da391ba800, 0x000002da53981800, 0x000002da53982800, 0x000002da5397c800,
0x000002da539e0800, 0x000002da539e1000, 0x000002da539e3800, 0x000002da5398c000,
0x000002da5450b000, 0x000002da545eb800, 0x000002da54eff000, 0x000002da54986800,
0x000002da54661000, 0x000002da55491800, 0x000002da5551a800, 0x000002da54e60800,
0x000002da54de4800, 0x000002da55877000, 0x000002da55a19800, 0x000002da55a20000,
0x000002da55a1f000, 0x000002da55a1c000, 0x000002da55a1b000
}

Java Threads: ( => current thread )
  0x000002da391ba800 JavaThread "main" [_thread_blocked, id=8348, stack(0x000000e39c000000,0x000000e39c100000)]
  0x000002da53981800 JavaThread "Reference Handler" daemon [_thread_blocked, id=6832, stack(0x000000e39c300000,0x000000e39c400000)]
  0x000002da53982800 JavaThread "Finalizer" daemon [_thread_blocked, id=18552, stack(0x000000e39c400000,0x000000e39c500000)]
  0x000002da5397c800 JavaThread "Signal Dispatcher" daemon [_thread_blocked, id=19024, stack(0x000000e39c500000,0x000000e39c600000)]
  0x000002da539e0800 JavaThread "Attach Listener" daemon [_thread_blocked, id=19228, stack(0x000000e39c600000,0x000000e39c700000)]
  0x000002da539e1000 JavaThread "Service Thread" daemon [_thread_blocked, id=10792, stack(0x000000e39c700000,0x000000e39c800000)]
=>0x000002da539e3800 JavaThread "C2 CompilerThread0" daemon [_thread_in_native, id=14008, stack(0x000000e39c800000,0x000000e39c900000)]
  0x000002da5398c000 JavaThread "C1 CompilerThread0" daemon [_thread_blocked, id=3624, stack(0x000000e39c900000,0x000000e39ca00000)]
  0x000002da5450b000 JavaThread "Sweeper thread" daemon [_thread_blocked, id=2812, stack(0x000000e39ca00000,0x000000e39cb00000)]
  0x000002da545eb800 JavaThread "Common-Cleaner" daemon [_thread_blocked, id=1656, stack(0x000000e39cb00000,0x000000e39cc00000)]
  0x000002da54eff000 JavaThread "Active Thread: Equinox Container: 803a88e7-5a61-4d64-9601-d1e380f05646" [_thread_blocked, id=8828, stack(0x000000e39cd00000,0x000000e39ce00000)]
  0x000002da54986800 JavaThread "Framework Event Dispatcher: Equinox Container: 803a88e7-5a61-4d64-9601-d1e380f05646" daemon [_thread_blocked, id=21300, stack(0x000000e39ce00000,0x000000e39cf00000)]
  0x000002da54661000 JavaThread "Start Level: Equinox Container: 803a88e7-5a61-4d64-9601-d1e380f05646" daemon [_thread_blocked, id=5208, stack(0x000000e39cf00000,0x000000e39d000000)]
  0x000002da55491800 JavaThread "SCR Component Actor" daemon [_thread_blocked, id=10164, stack(0x000000e39d100000,0x000000e39d200000)]
  0x000002da5551a800 JavaThread "Bundle File Closer" daemon [_thread_blocked, id=17572, stack(0x000000e39d300000,0x000000e39d400000)]
  0x000002da54e60800 JavaThread "Worker-JM" [_thread_blocked, id=18884, stack(0x000000e39d400000,0x000000e39d500000)]
  0x000002da54de4800 JavaThread "Worker-0: Updating Maven Dependencies" [_thread_in_vm, id=5664, stack(0x000000e39d500000,0x000000e39d600000)]
  0x000002da55877000 JavaThread "Worker-1: Repository registry initialization" [_thread_blocked, id=21448, stack(0x000000e39d600000,0x000000e39d700000)]
  0x000002da55a19800 JavaThread "Worker-2: Register Watchers" [_thread_blocked, id=13164, stack(0x000000e39d700000,0x000000e39d800000)]
  0x000002da55a20000 JavaThread "Java indexing" daemon [_thread_blocked, id=19760, stack(0x000000e39d800000,0x000000e39d900000)]
  0x000002da55a1f000 JavaThread "logback configurator timer" daemon [_thread_blocked, id=16888, stack(0x000000e39d200000,0x000000e39d300000)]
  0x000002da55a1c000 JavaThread "pool-2-thread-1" [_thread_blocked, id=14252, stack(0x000000e39d900000,0x000000e39da00000)]
  0x000002da55a1b000 JavaThread "Worker-3" [_thread_blocked, id=16980, stack(0x000000e39da00000,0x000000e39db00000)]

Other Threads:
  0x000002da53969000 VMThread "VM Thread" [stack: 0x000000e39c200000,0x000000e39c300000] [id=10136]
  0x000002da546d4800 WatcherThread [stack: 0x000000e39cc00000,0x000000e39cd00000] [id=17940]
  0x000002da391d4800 GCTaskThread "ParGC Thread#0" [stack: 0x000000e39c100000,0x000000e39c200000] [id=17488]
  0x000002da549e8800 GCTaskThread "ParGC Thread#1" [stack: 0x000000e39d000000,0x000000e39d100000] [id=13356]

Threads with active compile tasks:
C2 CompilerThread0  29323 3409   !   4       org.eclipse.osgi.internal.loader.classpath.ClasspathManager::defineClass (636 bytes)

VM state:synchronizing (normal execution)

VM Mutex/Monitor currently owned by a thread:  ([mutex/lock_event])
[0x000002da391b9940] Threads_lock - owner thread: 0x000002da53969000

Heap address: 0x00000000c0000000, size: 1024 MB, Compressed Oops mode: 32-bit
Narrow klass base: 0x0000000000000000, Narrow klass shift: 3
Compressed class space size: 1073741824 Address: 0x0000000100000000

Heap:
 PSYoungGen      total 27648K, used 3022K [0x00000000eab00000, 0x00000000ecb00000, 0x0000000100000000)
  eden space 25088K, 3% used [0x00000000eab00000,0x00000000eabde4d0,0x00000000ec380000)
  from space 2560K, 83% used [0x00000000ec880000,0x00000000eca953e0,0x00000000ecb00000)
  to   space 3072K, 0% used [0x00000000ec500000,0x00000000ec500000,0x00000000ec800000)
 ParOldGen       total 68608K, used 12588K [0x00000000c0000000, 0x00000000c4300000, 0x00000000eab00000)
  object space 68608K, 18% used [0x00000000c0000000,0x00000000c0c4b0c8,0x00000000c4300000)
 Metaspace       used 38751K, capacity 40700K, committed 40960K, reserved 1085440K
  class space    used 4024K, capacity 4754K, committed 4864K, reserved 1048576K

Card table byte_map: [0x000002da50ab0000,0x000002da50cc0000] _byte_map_base: 0x000002da504b0000

Marking Bits: (ParMarkBitMap*) 0x00007ffb4ed7d340
 Begin Bits: [0x000002da50e20000, 0x000002da51e20000)
 End Bits:   [0x000002da51e20000, 0x000002da52e20000)

Polling page: 0x000002da37920000

Metaspace:

Usage:
  Non-class:     35.10 MB capacity,    33.91 MB ( 97%) used,     1.12 MB (  3%) free+waste,    73.31 KB ( <1%) overhead. 
      Class:      4.64 MB capacity,     3.93 MB ( 85%) used,   693.74 KB ( 15%) free+waste,    35.75 KB ( <1%) overhead. 
       Both:     39.75 MB capacity,    37.84 MB ( 95%) used,     1.80 MB (  5%) free+waste,   109.06 KB ( <1%) overhead. 

Virtual space:
  Non-class space:       36.00 MB reserved,      35.25 MB ( 98%) committed 
      Class space:        1.00 GB reserved,       4.75 MB ( <1%) committed 
             Both:        1.04 GB reserved,      40.00 MB (  4%) committed 

Chunk freelists:
   Non-Class:  22.00 KB
       Class:  14.00 KB
        Both:  36.00 KB

MaxMetaspaceSize: 17179869184.00 GB
CompressedClassSpaceSize: 1.00 GB

CodeHeap 'non-profiled nmethods': size=120064Kb used=1392Kb max_used=1392Kb free=118672Kb
 bounds [0x000002da49390000, 0x000002da49600000, 0x000002da508d0000]
CodeHeap 'profiled nmethods': size=120000Kb used=8355Kb max_used=8355Kb free=111644Kb
 bounds [0x000002da41e60000, 0x000002da42690000, 0x000002da49390000]
CodeHeap 'non-nmethods': size=5696Kb used=1174Kb max_used=1213Kb free=4521Kb
 bounds [0x000002da418d0000, 0x000002da41b40000, 0x000002da41e60000]
 total_blobs=4188 nmethods=3652 adapters=449
 compilation: enabled
              stopped_count=0, restarted_count=0
 full_count=0

Compilation events (20 events):
Event: 29.177 Thread 0x000002da5398c000 3648       3       com.google.common.collect.AbstractSetMultimap::get (6 bytes)
Event: 29.177 Thread 0x000002da5398c000 nmethod 3648 0x000002da42683390 code [0x000002da42683540, 0x000002da426836e8]
Event: 29.177 Thread 0x000002da5398c000 3649       3       com.google.common.collect.LinkedHashMultimap::get (6 bytes)
Event: 29.178 Thread 0x000002da5398c000 nmethod 3649 0x000002da42683790 code [0x000002da426839c0, 0x000002da426841c8]
Event: 29.178 Thread 0x000002da5398c000 3650       3       com.google.common.collect.AbstractSetMultimap::get (9 bytes)
Event: 29.178 Thread 0x000002da5398c000 nmethod 3650 0x000002da42684490 code [0x000002da426846a0, 0x000002da42684e08]
Event: 29.178 Thread 0x000002da5398c000 3651       3       com.google.common.collect.AbstractMapBasedMultimap::get (31 bytes)
Event: 29.179 Thread 0x000002da5398c000 nmethod 3651 0x000002da42685010 code [0x000002da42685200, 0x000002da42685688]
Event: 29.187 Thread 0x000002da5398c000 3652       3       com.google.common.collect.AbstractMultimap::containsValue (51 bytes)
Event: 29.188 Thread 0x000002da5398c000 nmethod 3652 0x000002da42685790 code [0x000002da426859c0, 0x000002da42686138]
Event: 29.188 Thread 0x000002da5398c000 3653       3       com.google.common.collect.CompactHashMap$Itr::<init> (37 bytes)
Event: 29.188 Thread 0x000002da5398c000 nmethod 3653 0x000002da42686310 code [0x000002da426864e0, 0x000002da42686728]
Event: 29.188 Thread 0x000002da5398c000 3654       3       com.google.common.collect.LinkedHashMultimap$ValueSet::<init> (55 bytes)
Event: 29.189 Thread 0x000002da5398c000 nmethod 3654 0x000002da42686810 code [0x000002da42686a20, 0x000002da42686de8]
Event: 29.189 Thread 0x000002da5398c000 3655       3       com.google.common.collect.CompactHashMap::remove (168 bytes)
Event: 29.190 Thread 0x000002da5398c000 nmethod 3655 0x000002da42686f90 code [0x000002da426871e0, 0x000002da42687c18]
Event: 29.191 Thread 0x000002da5398c000 3656       3       com.google.inject.internal.InternalInjectorCreator::isEagerSingleton (44 bytes)
Event: 29.191 Thread 0x000002da5398c000 nmethod 3656 0x000002da42688190 code [0x000002da42688380, 0x000002da42688908]
Event: 29.191 Thread 0x000002da5398c000 3657       3       com.google.inject.internal.Scoping::isEagerSingleton (38 bytes)
Event: 29.192 Thread 0x000002da5398c000 nmethod 3657 0x000002da42688a90 code [0x000002da42688c60, 0x000002da42688eb8]

GC Heap History (16 events):
Event: 8.701 GC heap before
{Heap before GC invocations=1 (full 0):
 PSYoungGen      total 29696K, used 25600K [0x00000000eab00000, 0x00000000ecc00000, 0x0000000100000000)
  eden space 25600K, 100% used [0x00000000eab00000,0x00000000ec400000,0x00000000ec400000)
  from space 4096K, 0% used [0x00000000ec800000,0x00000000ec800000,0x00000000ecc00000)
  to   space 4096K, 0% used [0x00000000ec400000,0x00000000ec400000,0x00000000ec800000)
 ParOldGen       total 68608K, used 0K [0x00000000c0000000, 0x00000000c4300000, 0x00000000eab00000)
  object space 68608K, 0% used [0x00000000c0000000,0x00000000c0000000,0x00000000c4300000)
 Metaspace       used 13230K, capacity 13532K, committed 13696K, reserved 1060864K
  class space    used 1214K, capacity 1294K, committed 1408K, reserved 1048576K
}
Event: 8.844 GC heap after
{Heap after GC invocations=1 (full 0):
 PSYoungGen      total 29696K, used 4072K [0x00000000eab00000, 0x00000000ecc00000, 0x0000000100000000)
  eden space 25600K, 0% used [0x00000000eab00000,0x00000000eab00000,0x00000000ec400000)
  from space 4096K, 99% used [0x00000000ec400000,0x00000000ec7fa078,0x00000000ec800000)
  to   space 4096K, 0% used [0x00000000ec800000,0x00000000ec800000,0x00000000ecc00000)
 ParOldGen       total 68608K, used 740K [0x00000000c0000000, 0x00000000c4300000, 0x00000000eab00000)
  object space 68608K, 1% used [0x00000000c0000000,0x00000000c00b92d0,0x00000000c4300000)
 Metaspace       used 13230K, capacity 13532K, committed 13696K, reserved 1060864K
  class space    used 1214K, capacity 1294K, committed 1408K, reserved 1048576K
}
Event: 13.596 GC heap before
{Heap before GC invocations=2 (full 0):
 PSYoungGen      total 29696K, used 27826K [0x00000000eab00000, 0x00000000ecc00000, 0x0000000100000000)
  eden space 25600K, 92% used [0x00000000eab00000,0x00000000ec232850,0x00000000ec400000)
  from space 4096K, 99% used [0x00000000ec400000,0x00000000ec7fa078,0x00000000ec800000)
  to   space 4096K, 0% used [0x00000000ec800000,0x00000000ec800000,0x00000000ecc00000)
 ParOldGen       total 68608K, used 740K [0x00000000c0000000, 0x00000000c4300000, 0x00000000eab00000)
  object space 68608K, 1% used [0x00000000c0000000,0x00000000c00b92d0,0x00000000c4300000)
 Metaspace       used 20225K, capacity 21119K, committed 21248K, reserved 1069056K
  class space    used 1882K, capacity 2206K, committed 2304K, reserved 1048576K
}
Event: 13.630 GC heap after
{Heap after GC invocations=2 (full 0):
 PSYoungGen      total 29696K, used 4095K [0x00000000eab00000, 0x00000000ecc00000, 0x0000000100000000)
  eden space 25600K, 0% used [0x00000000eab00000,0x00000000eab00000,0x00000000ec400000)
  from space 4096K, 99% used [0x00000000ec800000,0x00000000ecbffe98,0x00000000ecc00000)
  to   space 4096K, 0% used [0x00000000ec400000,0x00000000ec400000,0x00000000ec800000)
 ParOldGen       total 68608K, used 5496K [0x00000000c0000000, 0x00000000c4300000, 0x00000000eab00000)
  object space 68608K, 8% used [0x00000000c0000000,0x00000000c055e140,0x00000000c4300000)
 Metaspace       used 20225K, capacity 21119K, committed 21248K, reserved 1069056K
  class space    used 1882K, capacity 2206K, committed 2304K, reserved 1048576K
}
Event: 13.630 GC heap before
{Heap before GC invocations=3 (full 1):
 PSYoungGen      total 29696K, used 4095K [0x00000000eab00000, 0x00000000ecc00000, 0x0000000100000000)
  eden space 25600K, 0% used [0x00000000eab00000,0x00000000eab00000,0x00000000ec400000)
  from space 4096K, 99% used [0x00000000ec800000,0x00000000ecbffe98,0x00000000ecc00000)
  to   space 4096K, 0% used [0x00000000ec400000,0x00000000ec400000,0x00000000ec800000)
 ParOldGen       total 68608K, used 5496K [0x00000000c0000000, 0x00000000c4300000, 0x00000000eab00000)
  object space 68608K, 8% used [0x00000000c0000000,0x00000000c055e140,0x00000000c4300000)
 Metaspace       used 20225K, capacity 21119K, committed 21248K, reserved 1069056K
  class space    used 1882K, capacity 2206K, committed 2304K, reserved 1048576K
}
Event: 13.843 GC heap after
{Heap after GC invocations=3 (full 1):
 PSYoungGen      total 29696K, used 0K [0x00000000eab00000, 0x00000000ecc00000, 0x0000000100000000)
  eden space 25600K, 0% used [0x00000000eab00000,0x00000000eab00000,0x00000000ec400000)
  from space 4096K, 0% used [0x00000000ec800000,0x00000000ec800000,0x00000000ecc00000)
  to   space 4096K, 0% used [0x00000000ec400000,0x00000000ec400000,0x00000000ec800000)
 ParOldGen       total 68608K, used 9383K [0x00000000c0000000, 0x00000000c4300000, 0x00000000eab00000)
  object space 68608K, 13% used [0x00000000c0000000,0x00000000c0929d58,0x00000000c4300000)
 Metaspace       used 20225K, capacity 21119K, committed 21248K, reserved 1069056K
  class space    used 1882K, capacity 2206K, committed 2304K, reserved 1048576K
}
Event: 19.130 GC heap before
{Heap before GC invocations=4 (full 1):
 PSYoungGen      total 29696K, used 25600K [0x00000000eab00000, 0x00000000ecc00000, 0x0000000100000000)
  eden space 25600K, 100% used [0x00000000eab00000,0x00000000ec400000,0x00000000ec400000)
  from space 4096K, 0% used [0x00000000ec800000,0x00000000ec800000,0x00000000ecc00000)
  to   space 4096K, 0% used [0x00000000ec400000,0x00000000ec400000,0x00000000ec800000)
 ParOldGen       total 68608K, used 9383K [0x00000000c0000000, 0x00000000c4300000, 0x00000000eab00000)
  object space 68608K, 13% used [0x00000000c0000000,0x00000000c0929d58,0x00000000c4300000)
 Metaspace       used 26661K, capacity 28223K, committed 28544K, reserved 1075200K
  class space    used 2492K, capacity 3074K, committed 3200K, reserved 1048576K
}
Event: 19.353 GC heap after
{Heap after GC invocations=4 (full 1):
 PSYoungGen      total 29696K, used 2902K [0x00000000eab00000, 0x00000000ecc00000, 0x0000000100000000)
  eden space 25600K, 0% used [0x00000000eab00000,0x00000000eab00000,0x00000000ec400000)
  from space 4096K, 70% used [0x00000000ec400000,0x00000000ec6d58f8,0x00000000ec800000)
  to   space 4096K, 0% used [0x00000000ec800000,0x00000000ec800000,0x00000000ecc00000)
 ParOldGen       total 68608K, used 9383K [0x00000000c0000000, 0x00000000c4300000, 0x00000000eab00000)
  object space 68608K, 13% used [0x00000000c0000000,0x00000000c0929d58,0x00000000c4300000)
 Metaspace       used 26661K, capacity 28223K, committed 28544K, reserved 1075200K
  class space    used 2492K, capacity 3074K, committed 3200K, reserved 1048576K
}
Event: 24.126 GC heap before
{Heap before GC invocations=5 (full 1):
 PSYoungGen      total 29696K, used 28502K [0x00000000eab00000, 0x00000000ecc00000, 0x0000000100000000)
  eden space 25600K, 100% used [0x00000000eab00000,0x00000000ec400000,0x00000000ec400000)
  from space 4096K, 70% used [0x00000000ec400000,0x00000000ec6d58f8,0x00000000ec800000)
  to   space 4096K, 0% used [0x00000000ec800000,0x00000000ec800000,0x00000000ecc00000)
 ParOldGen       total 68608K, used 9383K [0x00000000c0000000, 0x00000000c4300000, 0x00000000eab00000)
  object space 68608K, 13% used [0x00000000c0000000,0x00000000c0929d58,0x00000000c4300000)
 Metaspace       used 32756K, capacity 34685K, committed 34816K, reserved 1079296K
  class space    used 3284K, capacity 3971K, committed 4096K, reserved 1048576K
}
Event: 24.136 GC heap after
{Heap after GC invocations=5 (full 1):
 PSYoungGen      total 29696K, used 4087K [0x00000000eab00000, 0x00000000ecc00000, 0x0000000100000000)
  eden space 25600K, 0% used [0x00000000eab00000,0x00000000eab00000,0x00000000ec400000)
  from space 4096K, 99% used [0x00000000ec800000,0x00000000ecbfde50,0x00000000ecc00000)
  to   space 4096K, 0% used [0x00000000ec400000,0x00000000ec400000,0x00000000ec800000)
 ParOldGen       total 68608K, used 9742K [0x00000000c0000000, 0x00000000c4300000, 0x00000000eab00000)
  object space 68608K, 14% used [0x00000000c0000000,0x00000000c0983990,0x00000000c4300000)
 Metaspace       used 32756K, capacity 34685K, committed 34816K, reserved 1079296K
  class space    used 3284K, capacity 3971K, committed 4096K, reserved 1048576K
}
Event: 24.562 GC heap before
{Heap before GC invocations=6 (full 1):
 PSYoungGen      total 29696K, used 6548K [0x00000000eab00000, 0x00000000ecc00000, 0x0000000100000000)
  eden space 25600K, 9% used [0x00000000eab00000,0x00000000ead673b8,0x00000000ec400000)
  from space 4096K, 99% used [0x00000000ec800000,0x00000000ecbfde50,0x00000000ecc00000)
  to   space 4096K, 0% used [0x00000000ec400000,0x00000000ec400000,0x00000000ec800000)
 ParOldGen       total 68608K, used 9742K [0x00000000c0000000, 0x00000000c4300000, 0x00000000eab00000)
  object space 68608K, 14% used [0x00000000c0000000,0x00000000c0983990,0x00000000c4300000)
 Metaspace       used 33299K, capacity 35216K, committed 35328K, reserved 1081344K
  class space    used 3346K, capacity 4042K, committed 4096K, reserved 1048576K
}
Event: 24.577 GC heap after
{Heap after GC invocations=6 (full 1):
 PSYoungGen      total 29696K, used 4084K [0x00000000eab00000, 0x00000000ecd00000, 0x0000000100000000)
  eden space 25600K, 0% used [0x00000000eab00000,0x00000000eab00000,0x00000000ec400000)
  from space 4096K, 99% used [0x00000000ec400000,0x00000000ec7fd120,0x00000000ec800000)
  to   space 4608K, 0% used [0x00000000ec880000,0x00000000ec880000,0x00000000ecd00000)
 ParOldGen       total 68608K, used 9838K [0x00000000c0000000, 0x00000000c4300000, 0x00000000eab00000)
  object space 68608K, 14% used [0x00000000c0000000,0x00000000c099b990,0x00000000c4300000)
 Metaspace       used 33299K, capacity 35216K, committed 35328K, reserved 1081344K
  class space    used 3346K, capacity 4042K, committed 4096K, reserved 1048576K
}
Event: 24.577 GC heap before
{Heap before GC invocations=7 (full 2):
 PSYoungGen      total 29696K, used 4084K [0x00000000eab00000, 0x00000000ecd00000, 0x0000000100000000)
  eden space 25600K, 0% used [0x00000000eab00000,0x00000000eab00000,0x00000000ec400000)
  from space 4096K, 99% used [0x00000000ec400000,0x00000000ec7fd120,0x00000000ec800000)
  to   space 4608K, 0% used [0x00000000ec880000,0x00000000ec880000,0x00000000ecd00000)
 ParOldGen       total 68608K, used 9838K [0x00000000c0000000, 0x00000000c4300000, 0x00000000eab00000)
  object space 68608K, 14% used [0x00000000c0000000,0x00000000c099b990,0x00000000c4300000)
 Metaspace       used 33299K, capacity 35216K, committed 35328K, reserved 1081344K
  class space    used 3346K, capacity 4042K, committed 4096K, reserved 1048576K
}
Event: 24.774 GC heap after
{Heap after GC invocations=7 (full 2):
 PSYoungGen      total 29696K, used 0K [0x00000000eab00000, 0x00000000ecd00000, 0x0000000100000000)
  eden space 25600K, 0% used [0x00000000eab00000,0x00000000eab00000,0x00000000ec400000)
  from space 4096K, 0% used [0x00000000ec400000,0x00000000ec400000,0x00000000ec800000)
  to   space 4608K, 0% used [0x00000000ec880000,0x00000000ec880000,0x00000000ecd00000)
 ParOldGen       total 68608K, used 12580K [0x00000000c0000000, 0x00000000c4300000, 0x00000000eab00000)
  object space 68608K, 18% used [0x00000000c0000000,0x00000000c0c490c8,0x00000000c4300000)
 Metaspace       used 33299K, capacity 35216K, committed 35328K, reserved 1081344K
  class space    used 3346K, capacity 4042K, committed 4096K, reserved 1048576K
}
Event: 28.897 GC heap before
{Heap before GC invocations=8 (full 2):
 PSYoungGen      total 29696K, used 25600K [0x00000000eab00000, 0x00000000ecd00000, 0x0000000100000000)
  eden space 25600K, 100% used [0x00000000eab00000,0x00000000ec400000,0x00000000ec400000)
  from space 4096K, 0% used [0x00000000ec400000,0x00000000ec400000,0x00000000ec800000)
  to   space 4608K, 0% used [0x00000000ec880000,0x00000000ec880000,0x00000000ecd00000)
 ParOldGen       total 68608K, used 12580K [0x00000000c0000000, 0x00000000c4300000, 0x00000000eab00000)
  object space 68608K, 18% used [0x00000000c0000000,0x00000000c0c490c8,0x00000000c4300000)
 Metaspace       used 38606K, capacity 40540K, committed 40576K, reserved 1085440K
  class space    used 4002K, capacity 4722K, committed 4736K, reserved 1048576K
}
Event: 29.065 GC heap after
{Heap after GC invocations=8 (full 2):
 PSYoungGen      total 27648K, used 2132K [0x00000000eab00000, 0x00000000ecb00000, 0x0000000100000000)
  eden space 25088K, 0% used [0x00000000eab00000,0x00000000eab00000,0x00000000ec380000)
  from space 2560K, 83% used [0x00000000ec880000,0x00000000eca953e0,0x00000000ecb00000)
  to   space 3072K, 0% used [0x00000000ec500000,0x00000000ec500000,0x00000000ec800000)
 ParOldGen       total 68608K, used 12588K [0x00000000c0000000, 0x00000000c4300000, 0x00000000eab00000)
  object space 68608K, 18% used [0x00000000c0000000,0x00000000c0c4b0c8,0x00000000c4300000)
 Metaspace       used 38606K, capacity 40540K, committed 40576K, reserved 1085440K
  class space    used 4002K, capacity 4722K, committed 4736K, reserved 1048576K
}

Deoptimization events (20 events):
Event: 27.392 Thread 0x000002da54de4800 DEOPT PACKING pc=0x000002da494d9c20 sp=0x000000e39d5fba60
Event: 27.392 Thread 0x000002da54de4800 DEOPT UNPACKING pc=0x000002da418f5aa9 sp=0x000000e39d5fb9f8 mode 2
Event: 27.392 Thread 0x000002da54de4800 Uncommon trap: trap_request=0xffffffbe fr.pc=0x000002da494d9c20 relative=0x0000000000000540
Event: 27.392 Thread 0x000002da54de4800 Uncommon trap: reason=profile_predicate action=maybe_recompile pc=0x000002da494d9c20 method=java.lang.PublicMethods$MethodList.filter([Ljava/lang/reflect/Method;Ljava/lang/String;[Ljava/lang/Class;Z)Ljava/lang/PublicMethods$MethodList; @ 21 c2
Event: 27.392 Thread 0x000002da54de4800 DEOPT PACKING pc=0x000002da494d9c20 sp=0x000000e39d5fba60
Event: 27.392 Thread 0x000002da54de4800 DEOPT UNPACKING pc=0x000002da418f5aa9 sp=0x000000e39d5fb9f8 mode 2
Event: 27.392 Thread 0x000002da54de4800 Uncommon trap: trap_request=0xffffffbe fr.pc=0x000002da494d9c20 relative=0x0000000000000540
Event: 27.392 Thread 0x000002da54de4800 Uncommon trap: reason=profile_predicate action=maybe_recompile pc=0x000002da494d9c20 method=java.lang.PublicMethods$MethodList.filter([Ljava/lang/reflect/Method;Ljava/lang/String;[Ljava/lang/Class;Z)Ljava/lang/PublicMethods$MethodList; @ 21 c2
Event: 27.392 Thread 0x000002da54de4800 DEOPT PACKING pc=0x000002da494d9c20 sp=0x000000e39d5fb9b0
Event: 27.392 Thread 0x000002da54de4800 DEOPT UNPACKING pc=0x000002da418f5aa9 sp=0x000000e39d5fb948 mode 2
Event: 27.808 Thread 0x000002da54de4800 Uncommon trap: trap_request=0xffffffbe fr.pc=0x000002da494bb3f0 relative=0x0000000000000790
Event: 27.808 Thread 0x000002da54de4800 Uncommon trap: reason=profile_predicate action=maybe_recompile pc=0x000002da494bb3f0 method=java.lang.PublicMethods$MethodList.filter([Ljava/lang/reflect/Method;Ljava/lang/String;[Ljava/lang/Class;Z)Ljava/lang/PublicMethods$MethodList; @ 17 c2
Event: 27.808 Thread 0x000002da54de4800 DEOPT PACKING pc=0x000002da494bb3f0 sp=0x000000e39d5fba70
Event: 27.808 Thread 0x000002da54de4800 DEOPT UNPACKING pc=0x000002da418f5aa9 sp=0x000000e39d5fba38 mode 2
Event: 28.086 Thread 0x000002da54de4800 Uncommon trap: trap_request=0xffffff4d fr.pc=0x000002da494e14c8 relative=0x00000000000004e8
Event: 28.086 Thread 0x000002da54de4800 Uncommon trap: reason=unstable_if action=reinterpret pc=0x000002da494e14c8 method=java.util.Arrays.equals([Ljava/lang/Object;[Ljava/lang/Object;)Z @ 23 c2
Event: 28.086 Thread 0x000002da54de4800 DEOPT PACKING pc=0x000002da494e14c8 sp=0x000000e39d5fe8f0
Event: 28.086 Thread 0x000002da54de4800 DEOPT UNPACKING pc=0x000002da418f5aa9 sp=0x000000e39d5fe7a0 mode 2
Event: 28.172 Thread 0x000002da54de4800 DEOPT PACKING pc=0x000002da425e5424 sp=0x000000e39d5fe440
Event: 28.172 Thread 0x000002da54de4800 DEOPT UNPACKING pc=0x000002da418f5ebf sp=0x000000e39d5fd9c0 mode 0

Classes redefined (0 events):
No events

Internal exceptions (20 events):
Event: 9.402 Thread 0x000002da54661000 Exception <a 'java/lang/NoSuchMethodError'{0x00000000eae272e0}: 'java.lang.Object java.lang.invoke.DirectMethodHandle$Holder.invokeStatic(java.lang.Object, java.lang.Object, java.lang.Object, java.lang.Object, java.lang.Object, java.lang.Object, java.lang.Object, java.lang.Object, java.lang.Object, java.lang.Object, java.lang.Object, java.lang.Object, java.lang.Object, java.lang.Object, java.lang.Object, java.lang.Object)'> (0x00000000eae272e0) thrown at [./src/hotspot/share/interpreter/linkResolver.cpp, l
Event: 9.417 Thread 0x000002da54661000 Exception <a 'java/lang/NoSuchMethodError'{0x00000000eae354c8}: 'java.lang.Object java.lang.invoke.DirectMethodHandle$Holder.invokeSpecial(java.lang.Object, java.lang.Object, int, int, java.lang.Object, java.lang.Object, java.lang.Object)'> (0x00000000eae354c8) thrown at [./src/hotspot/share/interpreter/linkResolver.cpp, line 773]
Event: 9.418 Thread 0x000002da54661000 Exception <a 'java/lang/NoSuchMethodError'{0x00000000eae38d00}: 'java.lang.Object java.lang.invoke.DelegatingMethodHandle$Holder.reinvoke_L(java.lang.Object, int, int, java.lang.Object, java.lang.Object, java.lang.Object)'> (0x00000000eae38d00) thrown at [./src/hotspot/share/interpreter/linkResolver.cpp, line 773]
Event: 9.420 Thread 0x000002da54661000 Exception <a 'java/lang/NoSuchMethodError'{0x00000000eae3d080}: 'java.lang.Object java.lang.invoke.DirectMethodHandle$Holder.invokeStatic(java.lang.Object, java.lang.Object, java.lang.Object, java.lang.Object, int)'> (0x00000000eae3d080) thrown at [./src/hotspot/share/interpreter/linkResolver.cpp, line 773]
Event: 12.609 Thread 0x000002da54661000 Exception <a 'java/io/FileNotFoundException'{0x00000000ebb734d8}> (0x00000000ebb734d8) thrown at [./src/hotspot/share/prims/jni.cpp, line 615]
Event: 13.409 Thread 0x000002da54661000 Exception <a 'java/io/FileNotFoundException'{0x00000000ec035c38}> (0x00000000ec035c38) thrown at [./src/hotspot/share/prims/jni.cpp, line 615]
Event: 13.565 Thread 0x000002da54661000 Exception <a 'java/lang/NoSuchMethodError'{0x00000000ec19cca0}: 'int java.lang.invoke.DirectMethodHandle$Holder.invokeStaticInit(java.lang.Object, java.lang.Object, java.lang.Object)'> (0x00000000ec19cca0) thrown at [./src/hotspot/share/interpreter/linkResolver.cpp, line 773]
Event: 13.593 Thread 0x000002da54661000 Exception <a 'java/lang/IncompatibleClassChangeError'{0x00000000ec1e84b0}: Found class java.lang.Object, but interface was expected> (0x00000000ec1e84b0) thrown at [./src/hotspot/share/interpreter/linkResolver.cpp, line 839]
Event: 15.309 Thread 0x000002da54661000 Exception <a 'java/lang/ClassNotFoundException'{0x00000000ebb9d9a0}: com/sun/org/apache/xml/internal/serializer/spi/XMLEntitiesProvider> (0x00000000ebb9d9a0) thrown at [./src/hotspot/share/classfile/systemDictionary.cpp, line 231]
Event: 17.565 Thread 0x000002da54661000 Exception <a 'java/lang/NoSuchMethodError'{0x00000000ec239cf0}: 'void java.lang.invoke.DirectMethodHandle$Holder.invokeSpecial(java.lang.Object, java.lang.Object, java.lang.Object, int)'> (0x00000000ec239cf0) thrown at [./src/hotspot/share/interpreter/linkResolver.cpp, line 773]
Event: 19.117 Thread 0x000002da54661000 Exception <a 'java/lang/NoSuchMethodError'{0x00000000ec3ec090}: 'org.slf4j.impl.StaticMDCBinder org.slf4j.impl.StaticMDCBinder.getSingleton()'> (0x00000000ec3ec090) thrown at [./src/hotspot/share/interpreter/linkResolver.cpp, line 773]
Event: 19.575 Thread 0x000002da54661000 Exception <a 'java/io/FileNotFoundException'{0x00000000eac04688}> (0x00000000eac04688) thrown at [./src/hotspot/share/prims/jni.cpp, line 615]
Event: 19.846 Thread 0x000002da54661000 Exception <a 'java/io/FileNotFoundException'{0x00000000eac3c8b8}> (0x00000000eac3c8b8) thrown at [./src/hotspot/share/prims/jni.cpp, line 615]
Event: 19.863 Thread 0x000002da54661000 Exception <a 'java/io/FileNotFoundException'{0x00000000eac98cc0}> (0x00000000eac98cc0) thrown at [./src/hotspot/share/prims/jni.cpp, line 615]
Event: 20.900 Thread 0x000002da54661000 Implicit null exception at 0x000002da49454582 to 0x000002da494553a8
Event: 22.541 Thread 0x000002da391ba800 Exception <a 'java/lang/NoSuchMethodError'{0x00000000eb670a30}: 'void java.lang.invoke.DirectMethodHandle$Holder.invokeStatic(java.lang.Object, java.lang.Object, java.lang.Object, java.lang.Object)'> (0x00000000eb670a30) thrown at [./src/hotspot/share/interpreter/linkResolver.cpp, line 773]
Event: 23.761 Thread 0x000002da54de4800 Implicit null exception at 0x000002da4942be7c to 0x000002da4942c10d
Event: 23.782 Thread 0x000002da54de4800 Implicit null exception at 0x000002da49412274 to 0x000002da494124d9
Event: 25.555 Thread 0x000002da55a1c000 Exception <a 'java/io/FileNotFoundException'{0x00000000eaf1c640}> (0x00000000eaf1c640) thrown at [./src/hotspot/share/prims/jni.cpp, line 615]
Event: 26.872 Thread 0x000002da55a1c000 Exception <a 'java/lang/NoSuchMethodError'{0x00000000eb5a7658}: 'void java.lang.invoke.DirectMethodHandle$Holder.invokeStatic(java.lang.Object, java.lang.Object, java.lang.Object, java.lang.Object, java.lang.Object, java.lang.Object)'> (0x00000000eb5a7658) thrown at [./src/hotspot/share/interpreter/linkResolver.cpp, line 773]

Events (20 events):
Event: 27.797 loading class org/apache/maven/lifecycle/mapping/DefaultLifecycleMapping$__sisu3 done
Event: 27.797 loading class org/apache/maven/lifecycle/mapping/DefaultLifecycleMapping$__sisu2
Event: 27.797 loading class org/apache/maven/lifecycle/mapping/DefaultLifecycleMapping$__sisu2 done
Event: 27.798 loading class sun/reflect/generics/scope/ConstructorScope
Event: 27.798 loading class sun/reflect/generics/scope/ConstructorScope done
Event: 27.798 loading class sun/reflect/generics/tree/VoidDescriptor
Event: 27.798 loading class sun/reflect/generics/tree/VoidDescriptor done
Event: 27.905 loading class javax/net/ssl/SSLSocketFactory
Event: 27.928 loading class javax/net/SocketFactory
Event: 27.938 loading class javax/net/SocketFactory done
Event: 27.938 loading class javax/net/ssl/SSLSocketFactory done
Event: 27.940 loading class java/security/NoSuchAlgorithmException
Event: 27.940 loading class java/security/NoSuchAlgorithmException done
Event: 28.163 Executing VM operation: Deoptimize
Event: 28.164 Executing VM operation: Deoptimize done
Event: 28.191 Executing VM operation: RevokeBias
Event: 28.191 Executing VM operation: RevokeBias done
Event: 28.897 Executing VM operation: ParallelGCFailedAllocation
Event: 29.065 Executing VM operation: ParallelGCFailedAllocation done
Event: 29.203 Executing VM operation: RevokeBias


Dynamic libraries:
0x00007ff76a310000 - 0x00007ff76a31d000 	C:\Program Files\AdoptOpenJDK\jdk-11.0.11.9-hotspot\bin\java.exe
0x00007ffb8fef0000 - 0x00007ffb900e5000 	C:\WINDOWS\SYSTEM32\ntdll.dll
0x00007ffb8f920000 - 0x00007ffb8f9dd000 	C:\WINDOWS\System32\KERNEL32.DLL
0x00007ffb8d680000 - 0x00007ffb8d949000 	C:\WINDOWS\System32\KERNELBASE.dll
0x00007ffb8dd50000 - 0x00007ffb8de50000 	C:\WINDOWS\System32\ucrtbase.dll
0x00007ffb857e0000 - 0x00007ffb857f7000 	C:\Program Files\AdoptOpenJDK\jdk-11.0.11.9-hotspot\bin\jli.dll
0x00007ffb8e3f0000 - 0x00007ffb8e590000 	C:\WINDOWS\System32\USER32.dll
0x00007ffb8dcc0000 - 0x00007ffb8dce2000 	C:\WINDOWS\System32\win32u.dll
0x00007ffb8fdd0000 - 0x00007ffb8fdfa000 	C:\WINDOWS\System32\GDI32.dll
0x00007ffb8de50000 - 0x00007ffb8df5b000 	C:\WINDOWS\System32\gdi32full.dll
0x00007ffb8da00000 - 0x00007ffb8da9d000 	C:\WINDOWS\System32\msvcp_win.dll
0x00007ffb7f210000 - 0x00007ffb7f4aa000 	C:\WINDOWS\WinSxS\amd64_microsoft.windows.common-controls_6595b64144ccf1df_6.0.19041.1083_none_60bbe31371f34e71\COMCTL32.dll
0x00007ffb8f9f0000 - 0x00007ffb8fa8e000 	C:\WINDOWS\System32\msvcrt.dll
0x00007ffb84620000 - 0x00007ffb84635000 	C:\Program Files\AdoptOpenJDK\jdk-11.0.11.9-hotspot\bin\VCRUNTIME140.dll
0x00007ffb8ed30000 - 0x00007ffb8ed60000 	C:\WINDOWS\System32\IMM32.DLL
0x00007ffb54850000 - 0x00007ffb548eb000 	C:\Program Files\AdoptOpenJDK\jdk-11.0.11.9-hotspot\bin\msvcp140.dll
0x00007ffb4e2f0000 - 0x00007ffb4ee3b000 	C:\Program Files\AdoptOpenJDK\jdk-11.0.11.9-hotspot\bin\server\jvm.dll
0x00007ffb8e660000 - 0x00007ffb8e70c000 	C:\WINDOWS\System32\ADVAPI32.dll
0x00007ffb8fca0000 - 0x00007ffb8fd3b000 	C:\WINDOWS\System32\sechost.dll
0x00007ffb8eb90000 - 0x00007ffb8ecba000 	C:\WINDOWS\System32\RPCRT4.dll
0x00007ffb8ecc0000 - 0x00007ffb8ecc8000 	C:\WINDOWS\System32\PSAPI.DLL
0x00007ffb88b20000 - 0x00007ffb88b29000 	C:\WINDOWS\SYSTEM32\WSOCK32.dll
0x00007ffb8e5f0000 - 0x00007ffb8e65b000 	C:\WINDOWS\System32\WS2_32.dll
0x00007ffb7ed90000 - 0x00007ffb7edb7000 	C:\WINDOWS\SYSTEM32\WINMM.dll
0x00007ffb87940000 - 0x00007ffb8794a000 	C:\WINDOWS\SYSTEM32\VERSION.dll
0x00007ffb8c240000 - 0x00007ffb8c252000 	C:\WINDOWS\SYSTEM32\kernel.appcore.dll
0x00007ffb881f0000 - 0x00007ffb88200000 	C:\Program Files\AdoptOpenJDK\jdk-11.0.11.9-hotspot\bin\verify.dll
0x00007ffb8c020000 - 0x00007ffb8c204000 	C:\WINDOWS\SYSTEM32\DBGHELP.DLL
0x00007ffb815d0000 - 0x00007ffb815fc000 	C:\WINDOWS\SYSTEM32\dbgcore.DLL
0x00007ffb8daa0000 - 0x00007ffb8db23000 	C:\WINDOWS\System32\bcryptPrimitives.dll
0x00007ffb7ec60000 - 0x00007ffb7ec88000 	C:\Program Files\AdoptOpenJDK\jdk-11.0.11.9-hotspot\bin\java.dll
0x00007ffb857c0000 - 0x00007ffb857ca000 	C:\Program Files\AdoptOpenJDK\jdk-11.0.11.9-hotspot\bin\jimage.dll
0x00007ffb7ec20000 - 0x00007ffb7ec37000 	C:\Program Files\AdoptOpenJDK\jdk-11.0.11.9-hotspot\bin\zip.dll
0x00007ffb8ed60000 - 0x00007ffb8f49f000 	C:\WINDOWS\System32\SHELL32.dll
0x00007ffb8b200000 - 0x00007ffb8b991000 	C:\WINDOWS\SYSTEM32\windows.storage.dll
0x00007ffb8e710000 - 0x00007ffb8ea65000 	C:\WINDOWS\System32\combase.dll
0x00007ffb8cfd0000 - 0x00007ffb8cffc000 	C:\WINDOWS\SYSTEM32\Wldp.dll
0x00007ffb8e040000 - 0x00007ffb8e0ee000 	C:\WINDOWS\System32\SHCORE.dll
0x00007ffb8fa90000 - 0x00007ffb8fae5000 	C:\WINDOWS\System32\shlwapi.dll
0x00007ffb8d570000 - 0x00007ffb8d58f000 	C:\WINDOWS\SYSTEM32\profapi.dll
0x00007ffb78220000 - 0x00007ffb78239000 	C:\Program Files\AdoptOpenJDK\jdk-11.0.11.9-hotspot\bin\net.dll
0x00007ffb84280000 - 0x00007ffb8438a000 	C:\WINDOWS\SYSTEM32\WINHTTP.dll
0x00007ffb8cd30000 - 0x00007ffb8cd9a000 	C:\WINDOWS\system32\mswsock.dll
0x00007ffb73110000 - 0x00007ffb73122000 	C:\Program Files\AdoptOpenJDK\jdk-11.0.11.9-hotspot\bin\nio.dll
0x00007ffb8a7f0000 - 0x00007ffb8a815000 	C:\Program Files\AdoptOpenJDK\jdk-11.0.11.9-hotspot\bin\sunec.dll
0x00007ffb8cf10000 - 0x00007ffb8cf28000 	C:\WINDOWS\SYSTEM32\CRYPTSP.dll
0x00007ffb8c6d0000 - 0x00007ffb8c704000 	C:\WINDOWS\system32\rsaenh.dll
0x00007ffb8dc90000 - 0x00007ffb8dcb7000 	C:\WINDOWS\System32\bcrypt.dll
0x00007ffb8d4f0000 - 0x00007ffb8d51e000 	C:\WINDOWS\SYSTEM32\USERENV.dll
0x00007ffb8cf30000 - 0x00007ffb8cf3c000 	C:\WINDOWS\SYSTEM32\CRYPTBASE.dll
0x00007ffb8ca20000 - 0x00007ffb8ca5b000 	C:\WINDOWS\SYSTEM32\IPHLPAPI.DLL
0x00007ffb8f910000 - 0x00007ffb8f918000 	C:\WINDOWS\System32\NSI.dll
0x00007ffb8bf40000 - 0x00007ffb8bf57000 	C:\WINDOWS\SYSTEM32\dhcpcsvc6.DLL
0x00007ffb8bf20000 - 0x00007ffb8bf3d000 	C:\WINDOWS\SYSTEM32\dhcpcsvc.DLL
0x00007ffb8ca60000 - 0x00007ffb8cb2c000 	C:\WINDOWS\SYSTEM32\DNSAPI.dll
0x00007ffb89ce0000 - 0x00007ffb89d1e000 	C:\Users\USER\AppData\Roaming\Code\User\globalStorage\redhat.java\0.80.0\config_win\org.eclipse.equinox.launcher\org.eclipse.equinox.launcher.win32.win32.x86_64_1.2.300.v20210617-0451\eclipse_11502.dll
0x00007ffb8a7d0000 - 0x00007ffb8a7e1000 	C:\Users\USER\AppData\Roaming\Code\User\globalStorage\redhat.java\0.80.0\config_win\org.eclipse.osgi\23\0\.cp\jWinHttp-1.0.0.dll
0x00007ffb8e0f0000 - 0x00007ffb8e21a000 	C:\WINDOWS\System32\ole32.dll

dbghelp: loaded successfully - version: 4.0.5 - missing functions: none
symbol engine: initialized successfully - sym options: 0x614 - pdb path: .;C:\Program Files\AdoptOpenJDK\jdk-11.0.11.9-hotspot\bin;C:\WINDOWS\SYSTEM32;C:\WINDOWS\WinSxS\amd64_microsoft.windows.common-controls_6595b64144ccf1df_6.0.19041.1083_none_60bbe31371f34e71;C:\Program Files\AdoptOpenJDK\jdk-11.0.11.9-hotspot\bin\server;C:\Users\USER\AppData\Roaming\Code\User\globalStorage\redhat.java\0.80.0\config_win\org.eclipse.equinox.launcher\org.eclipse.equinox.launcher.win32.win32.x86_64_1.2.300.v20210617-0451;C:\Users\USER\AppData\Roaming\Code\User\globalStorage\redhat.java\0.80.0\config_win\org.eclipse.osgi\23\0\.cp

VM Arguments:
jvm_args: --add-modules=ALL-SYSTEM --add-opens=java.base/java.util=ALL-UNNAMED --add-opens=java.base/java.lang=ALL-UNNAMED -Declipse.application=org.eclipse.jdt.ls.core.id1 -Dosgi.bundles.defaultStartLevel=4 -Declipse.product=org.eclipse.jdt.ls.core.product -Dfile.encoding=utf8 -DwatchParentProcess=false -XX:+UseParallelGC -XX:GCTimeRatio=4 -XX:AdaptiveSizePolicyWeight=90 -Dsun.zip.disableMemoryMapping=true -Xmx1G -Xms100m -Xverify:none 
java_command: c:\Users\USER\.vscode\extensions\redhat.java-0.80.0\server\plugins\org.eclipse.equinox.launcher_1.6.200.v20210416-2027.jar -configuration c:\Users\USER\AppData\Roaming\Code\User\globalStorage\redhat.java\0.80.0\config_win -data c:\Users\USER\AppData\Roaming\Code\User\workspaceStorage\128ed7eb3bf47f8a7b587e094e6771ab\redhat.java\jdt_ws
java_class_path (initial): c:\Users\USER\.vscode\extensions\redhat.java-0.80.0\server\plugins\org.eclipse.equinox.launcher_1.6.200.v20210416-2027.jar
Launcher Type: SUN_STANDARD

[Global flags]
    uintx AdaptiveSizePolicyWeight                 = 90                                        {product} {command line}
     bool BytecodeVerificationLocal                = false                                     {product} {command line}
     bool BytecodeVerificationRemote               = false                                     {product} {command line}
     intx CICompilerCount                          = 2                                         {product} {ergonomic}
    uintx GCTimeRatio                              = 4                                         {product} {command line}
   size_t InitialHeapSize                          = 104857600                                 {product} {command line}
   size_t MaxHeapSize                              = 1073741824                                {product} {command line}
   size_t MaxNewSize                               = 357564416                                 {product} {ergonomic}
   size_t MinHeapDeltaBytes                        = 524288                                    {product} {ergonomic}
   size_t NewSize                                  = 34603008                                  {product} {ergonomic}
    uintx NonNMethodCodeHeapSize                   = 5825164                                {pd product} {ergonomic}
    uintx NonProfiledCodeHeapSize                  = 122916538                              {pd product} {ergonomic}
   size_t OldSize                                  = 70254592                                  {product} {ergonomic}
    uintx ProfiledCodeHeapSize                     = 122916538                              {pd product} {ergonomic}
    uintx ReservedCodeCacheSize                    = 251658240                              {pd product} {ergonomic}
     bool SegmentedCodeCache                       = true                                      {product} {ergonomic}
     bool UseCompressedClassPointers               = true                                 {lp64_product} {ergonomic}
     bool UseCompressedOops                        = true                                 {lp64_product} {ergonomic}
     bool UseLargePagesIndividualAllocation        = false                                  {pd product} {ergonomic}
     bool UseParallelGC                            = true                                      {product} {command line}

Logging:
Log output configuration:
 #0: stdout all=warning uptime,level,tags
 #1: stderr all=off uptime,level,tags

Environment Variables:
JAVA_HOME=C:\Program Files\AdoptOpenJDK\jdk-11.0.11.9-hotspot\
PATH=C:\Program Files\AdoptOpenJDK\jdk-11.0.11.9-hotspot\bin;C:\Python39\Scripts\;C:\Python39\;C:\Python38\Scripts\;C:\Python38\;C:\WINDOWS\system32;C:\WINDOWS;C:\WINDOWS\System32\Wbem;C:\WINDOWS\System32\WindowsPowerShell\v1.0\;C:\WINDOWS\System32\OpenSSH\;C:\Program Files (x86)\Windows Live\Shared;C:\ProgramData\chocolatey\bin;C:\Program Files\nodejs\;C:\Users\USER\AppData\Local\Microsoft\WindowsApps;C:\Users\USER\AppData\Local\Programs\Microsoft VS Code\bin;C:\Users\USER\AppData\Roaming\npm
USERNAME=USER
OS=Windows_NT
PROCESSOR_IDENTIFIER=Intel64 Family 6 Model 122 Stepping 1, GenuineIntel



---------------  S Y S T E M  ---------------

OS: Windows 10 , 64 bit Build 19041 (10.0.19041.1023)
OS uptime: 5 days 21:23 hours

CPU:total 2 (initial active 2) (2 cores per cpu, 1 threads per core) family 6 model 122 stepping 1 microcode 0x2e, cmov, cx8, fxsr, mmx, sse, sse2, sse3, ssse3, sse4.1, sse4.2, popcnt, aes, clmul, erms, 3dnowpref, tsc, tscinvbit, sha

Memory: 4k page, system-wide physical 3874M (263M free)
TotalPageFile size 15650M (AvailPageFile size 5M)
current process WorkingSet (physical memory assigned to process): 158M, peak: 162M
current process commit charge ("private bytes"): 251M, peak: 253M

vm_info: OpenJDK 64-Bit Server VM (11.0.11+9) for windows-amd64 JRE (11.0.11+9), built on Apr 20 2021 21:22:09 by "" with MS VC++ 15.9 (VS2017)

END.
