#
# There is insufficient memory for the Java Runtime Environment to continue.
# Native memory allocation (malloc) failed to allocate 740336 bytes for Chunk::new
# Possible reasons:
#   The system is out of physical RAM or swap space
#   The process is running with CompressedOops enabled, and the Java Heap may be blocking the growth of the native heap
# Possible solutions:
#   Reduce memory load on the system
#   Increase physical memory or swap space
#   Check if swap backing store is full
#   Decrease Java heap size (-Xmx/-Xms)
#   Decrease number of Java threads
#   Decrease Java thread stack sizes (-Xss)
#   Set larger code cache with -XX:ReservedCodeCacheSize=
#   JVM is running with Unscaled Compressed Oops mode in which the Java heap is
#     placed in the first 4GB address space. The Java Heap base address is the
#     maximum limit for the native heap growth. Please use -XX:HeapBaseMinAddress
#     to set the Java Heap base and to place the Java Heap above 4GB virtual address.
# This output file may be truncated or incomplete.
#
#  Out of Memory Error (./src/hotspot/share/memory/arena.cpp:197), pid=12368, tid=15768
#
# JRE version: OpenJDK Runtime Environment AdoptOpenJDK-11.0.11+9 (11.0.11+9) (build 11.0.11+9)
# Java VM: OpenJDK 64-Bit Server VM AdoptOpenJDK-11.0.11+9 (11.0.11+9, mixed mode, tiered, compressed oops, parallel gc, windows-amd64)
# No core dump will be written. Minidumps are not enabled by default on client versions of Windows
#

---------------  S U M M A R Y ------------

Command Line: --add-modules=ALL-SYSTEM --add-opens=java.base/java.util=ALL-UNNAMED --add-opens=java.base/java.lang=ALL-UNNAMED -Declipse.application=org.eclipse.jdt.ls.core.id1 -Dosgi.bundles.defaultStartLevel=4 -Declipse.product=org.eclipse.jdt.ls.core.product -Dfile.encoding=utf8 -DwatchParentProcess=false -XX:+UseParallelGC -XX:GCTimeRatio=4 -XX:AdaptiveSizePolicyWeight=90 -Dsun.zip.disableMemoryMapping=true -Xmx1G -Xms100m -Xverify:none c:\Users\USER\.vscode\extensions\redhat.java-0.80.0\server\plugins\org.eclipse.equinox.launcher_1.6.200.v20210416-2027.jar -configuration c:\Users\USER\AppData\Roaming\Code\User\globalStorage\redhat.java\0.80.0\config_ss_win -data c:\Users\USER\AppData\Roaming\Code\User\workspaceStorage\128ed7eb3bf47f8a7b587e094e6771ab\redhat.java\ss_ws

Host: Intel(R) Celeron(R) N4000 CPU @ 1.10GHz, 2 cores, 3G,  Windows 10 , 64 bit Build 19041 (10.0.19041.1023)
Time: Tue Jul 20 10:56:58 2021 Hora est. Pacífico, Sudamérica elapsed time: 8.403186 seconds (0d 0h 0m 8s)

---------------  T H R E A D  ---------------

Current thread (0x00000219e145c000):  JavaThread "C2 CompilerThread0" daemon [_thread_in_native, id=15768, stack(0x0000003a0ba00000,0x0000003a0bb00000)]


Current CompileTask:
C2:   8403  638   !   4       java.util.jar.Attributes::read (390 bytes)

Stack: [0x0000003a0ba00000,0x0000003a0bb00000]
Native frames: (J=compiled Java code, j=interpreted, Vv=VM code, C=native code)
V  [jvm.dll+0x5f7e5a]
V  [jvm.dll+0x77ff2e]
V  [jvm.dll+0x7815ff]
V  [jvm.dll+0x781cc3]
V  [jvm.dll+0x247408]
V  [jvm.dll+0xbe69c]
V  [jvm.dll+0xbed9c]
V  [jvm.dll+0x34cb47]
V  [jvm.dll+0x31a653]
V  [jvm.dll+0x31998a]
V  [jvm.dll+0x200d85]
V  [jvm.dll+0x1fff6f]
V  [jvm.dll+0x184f1c]
V  [jvm.dll+0x20f3e7]
V  [jvm.dll+0x20d5cb]
V  [jvm.dll+0x7442f9]
V  [jvm.dll+0x73d364]
V  [jvm.dll+0x5f6cd6]
C  [ucrtbase.dll+0x21bb2]
C  [KERNEL32.DLL+0x17034]
C  [ntdll.dll+0x52651]


---------------  P R O C E S S  ---------------

Threads class SMR info:
_java_thread_list=0x00000219e145df30, length=10, elements={
0x00000219c5498800, 0x00000219e1450800, 0x00000219e143d800, 0x00000219e14ac800,
0x00000219e14b0800, 0x00000219e145b000, 0x00000219e145c000, 0x00000219e145f800,
0x00000219e14ee000, 0x00000219e20bb800
}

Java Threads: ( => current thread )
  0x00000219c5498800 JavaThread "main" [_thread_in_native, id=10924, stack(0x0000003a0b200000,0x0000003a0b300000)]
  0x00000219e1450800 JavaThread "Reference Handler" daemon [_thread_blocked, id=19688, stack(0x0000003a0b500000,0x0000003a0b600000)]
  0x00000219e143d800 JavaThread "Finalizer" daemon [_thread_blocked, id=13056, stack(0x0000003a0b600000,0x0000003a0b700000)]
  0x00000219e14ac800 JavaThread "Signal Dispatcher" daemon [_thread_blocked, id=19332, stack(0x0000003a0b700000,0x0000003a0b800000)]
  0x00000219e14b0800 JavaThread "Attach Listener" daemon [_thread_blocked, id=11112, stack(0x0000003a0b800000,0x0000003a0b900000)]
  0x00000219e145b000 JavaThread "Service Thread" daemon [_thread_blocked, id=20240, stack(0x0000003a0b900000,0x0000003a0ba00000)]
=>0x00000219e145c000 JavaThread "C2 CompilerThread0" daemon [_thread_in_native, id=15768, stack(0x0000003a0ba00000,0x0000003a0bb00000)]
  0x00000219e145f800 JavaThread "C1 CompilerThread0" daemon [_thread_blocked, id=16952, stack(0x0000003a0bb00000,0x0000003a0bc00000)]
  0x00000219e14ee000 JavaThread "Sweeper thread" daemon [_thread_blocked, id=2480, stack(0x0000003a0bc00000,0x0000003a0bd00000)]
  0x00000219e20bb800 JavaThread "Common-Cleaner" daemon [_thread_blocked, id=14552, stack(0x0000003a0bd00000,0x0000003a0be00000)]

Other Threads:
  0x00000219e13b6000 VMThread "VM Thread" [stack: 0x0000003a0b400000,0x0000003a0b500000] [id=7344]
  0x00000219e216d800 WatcherThread [stack: 0x0000003a0be00000,0x0000003a0bf00000] [id=18440]
  0x00000219c54b2800 GCTaskThread "ParGC Thread#0" [stack: 0x0000003a0b300000,0x0000003a0b400000] [id=14956]

Threads with active compile tasks:
C2 CompilerThread0   9169  638   !   4       java.util.jar.Attributes::read (390 bytes)

VM state:not at safepoint (normal execution)

VM Mutex/Monitor currently owned by a thread: None

Heap address: 0x00000000c0000000, size: 1024 MB, Compressed Oops mode: 32-bit
Narrow klass base: 0x0000000000000000, Narrow klass shift: 3
Compressed class space size: 1073741824 Address: 0x0000000100000000

Heap:
 PSYoungGen      total 29696K, used 13496K [0x00000000eab00000, 0x00000000ecc00000, 0x0000000100000000)
  eden space 25600K, 52% used [0x00000000eab00000,0x00000000eb82e2f8,0x00000000ec400000)
  from space 4096K, 0% used [0x00000000ec800000,0x00000000ec800000,0x00000000ecc00000)
  to   space 4096K, 0% used [0x00000000ec400000,0x00000000ec400000,0x00000000ec800000)
 ParOldGen       total 68608K, used 0K [0x00000000c0000000, 0x00000000c4300000, 0x00000000eab00000)
  object space 68608K, 0% used [0x00000000c0000000,0x00000000c0000000,0x00000000c4300000)
 Metaspace       used 10092K, capacity 10335K, committed 10496K, reserved 1058816K
  class space    used 915K, capacity 958K, committed 1024K, reserved 1048576K

Card table byte_map: [0x00000219de580000,0x00000219de790000] _byte_map_base: 0x00000219ddf80000

Marking Bits: (ParMarkBitMap*) 0x00007ffb4ed7d340
 Begin Bits: [0x00000219de8f0000, 0x00000219df8f0000)
 End Bits:   [0x00000219df8f0000, 0x00000219e08f0000)

Polling page: 0x00000219c5320000

Metaspace:

Usage:
  Non-class:      9.16 MB capacity,     8.96 MB ( 98%) used,   190.51 KB (  2%) free+waste,     9.31 KB ( <1%) overhead. 
      Class:    958.00 KB capacity,   915.61 KB ( 96%) used,    38.39 KB (  4%) free+waste,     4.00 KB ( <1%) overhead. 
       Both:     10.09 MB capacity,     9.86 MB ( 98%) used,   228.90 KB (  2%) free+waste,    13.31 KB ( <1%) overhead. 

Virtual space:
  Non-class space:       10.00 MB reserved,       9.25 MB ( 93%) committed 
      Class space:        1.00 GB reserved,       1.00 MB ( <1%) committed 
             Both:        1.01 GB reserved,      10.25 MB ( <1%) committed 

Chunk freelists:
   Non-Class:  31.00 KB
       Class:  2.00 KB
        Both:  33.00 KB

MaxMetaspaceSize: 17179869184.00 GB
CompressedClassSpaceSize: 1.00 GB

CodeHeap 'non-profiled nmethods': size=120064Kb used=196Kb max_used=196Kb free=119867Kb
 bounds [0x00000219d6e60000, 0x00000219d70d0000, 0x00000219de3a0000]
CodeHeap 'profiled nmethods': size=120000Kb used=1084Kb max_used=1084Kb free=118915Kb
 bounds [0x00000219cf930000, 0x00000219cfba0000, 0x00000219d6e60000]
CodeHeap 'non-nmethods': size=5696Kb used=1053Kb max_used=1064Kb free=4642Kb
 bounds [0x00000219cf3a0000, 0x00000219cf610000, 0x00000219cf930000]
 total_blobs=1058 nmethods=702 adapters=271
 compilation: enabled
              stopped_count=0, restarted_count=0
 full_count=0

Compilation events (20 events):
Event: 8.013 Thread 0x00000219e145f800 nmethod 642 0x00000219cfa20390 code [0x00000219cfa20560, 0x00000219cfa207f8]
Event: 8.014 Thread 0x00000219e145f800  643       3       java.util.LinkedHashMap$LinkedEntryIterator::next (5 bytes)
Event: 8.014 Thread 0x00000219e145f800 nmethod 643 0x00000219cfa20990 code [0x00000219cfa20b60, 0x00000219cfa20ce8]
Event: 8.014 Thread 0x00000219e145f800  644       3       java.util.LinkedHashMap$LinkedHashIterator::<init> (31 bytes)
Event: 8.015 Thread 0x00000219e145f800 nmethod 644 0x00000219cfa20d90 code [0x00000219cfa20f40, 0x00000219cfa210f8]
Event: 8.015 Thread 0x00000219e145f800  645       3       java.util.jar.Attributes::entrySet (10 bytes)
Event: 8.015 Thread 0x00000219e145f800 nmethod 645 0x00000219cfa21210 code [0x00000219cfa213c0, 0x00000219cfa21588]
Event: 8.015 Thread 0x00000219e145f800  646       3       java.util.LinkedHashMap::entrySet (27 bytes)
Event: 8.015 Thread 0x00000219e145f800 nmethod 646 0x00000219cfa21690 code [0x00000219cfa21860, 0x00000219cfa21bb8]
Event: 8.015 Thread 0x00000219e145f800  647       3       java.util.LinkedHashMap$LinkedEntrySet::iterator (12 bytes)
Event: 8.018 Thread 0x00000219e145f800 nmethod 647 0x00000219cfa21d10 code [0x00000219cfa21ee0, 0x00000219cfa221b8]
Event: 8.021 Thread 0x00000219e145f800  648       3       java.util.HashMap::putMapEntries (154 bytes)
Event: 8.022 Thread 0x00000219e145f800 nmethod 648 0x00000219cfa22310 code [0x00000219cfa225e0, 0x00000219cfa23308]
Event: 8.022 Thread 0x00000219e145f800  651       3       java.util.jar.Attributes::<init> (17 bytes)
Event: 8.023 Thread 0x00000219e145f800 nmethod 651 0x00000219cfa23690 code [0x00000219cfa23880, 0x00000219cfa23c48]
Event: 8.023 Thread 0x00000219e145f800  649       3       java.util.LinkedHashMap::<init> (16 bytes)
Event: 8.023 Thread 0x00000219e145f800 nmethod 649 0x00000219cfa23e10 code [0x00000219cfa23fe0, 0x00000219cfa24248]
Event: 8.023 Thread 0x00000219e145f800  650       3       java.util.jar.Attributes::clone (9 bytes)
Event: 8.023 Thread 0x00000219e145f800 nmethod 650 0x00000219cfa24390 code [0x00000219cfa24580, 0x00000219cfa24a08]
Event: 8.042 Thread 0x00000219e145f800  654       3       sun.security.util.DerInputStream::getBytes (29 bytes)

GC Heap History (0 events):
No events

Deoptimization events (20 events):
Event: 8.028 Thread 0x00000219c5498800 DEOPT PACKING pc=0x00000219cf9ffa72 sp=0x0000003a0b2fd610
Event: 8.028 Thread 0x00000219c5498800 DEOPT UNPACKING pc=0x00000219cf3c5ebf sp=0x0000003a0b2fca88 mode 0
Event: 8.028 Thread 0x00000219c5498800 DEOPT PACKING pc=0x00000219cf9ffa72 sp=0x0000003a0b2fd610
Event: 8.028 Thread 0x00000219c5498800 DEOPT UNPACKING pc=0x00000219cf3c5ebf sp=0x0000003a0b2fca88 mode 0
Event: 8.029 Thread 0x00000219c5498800 DEOPT PACKING pc=0x00000219cf9ffa72 sp=0x0000003a0b2fd610
Event: 8.029 Thread 0x00000219c5498800 DEOPT UNPACKING pc=0x00000219cf3c5ebf sp=0x0000003a0b2fca88 mode 0
Event: 8.029 Thread 0x00000219c5498800 DEOPT PACKING pc=0x00000219cf9ffa72 sp=0x0000003a0b2fd610
Event: 8.029 Thread 0x00000219c5498800 DEOPT UNPACKING pc=0x00000219cf3c5ebf sp=0x0000003a0b2fca88 mode 0
Event: 8.029 Thread 0x00000219c5498800 DEOPT PACKING pc=0x00000219cf9ffa72 sp=0x0000003a0b2fd610
Event: 8.029 Thread 0x00000219c5498800 DEOPT UNPACKING pc=0x00000219cf3c5ebf sp=0x0000003a0b2fca88 mode 0
Event: 8.030 Thread 0x00000219c5498800 DEOPT PACKING pc=0x00000219cf9ffa72 sp=0x0000003a0b2fd610
Event: 8.030 Thread 0x00000219c5498800 DEOPT UNPACKING pc=0x00000219cf3c5ebf sp=0x0000003a0b2fca88 mode 0
Event: 8.030 Thread 0x00000219c5498800 DEOPT PACKING pc=0x00000219cf9ffa72 sp=0x0000003a0b2fd610
Event: 8.030 Thread 0x00000219c5498800 DEOPT UNPACKING pc=0x00000219cf3c5ebf sp=0x0000003a0b2fca88 mode 0
Event: 8.031 Thread 0x00000219c5498800 DEOPT PACKING pc=0x00000219cf9ffa72 sp=0x0000003a0b2fd610
Event: 8.031 Thread 0x00000219c5498800 DEOPT UNPACKING pc=0x00000219cf3c5ebf sp=0x0000003a0b2fca88 mode 0
Event: 8.031 Thread 0x00000219c5498800 DEOPT PACKING pc=0x00000219cf9ffa72 sp=0x0000003a0b2fd610
Event: 8.031 Thread 0x00000219c5498800 DEOPT UNPACKING pc=0x00000219cf3c5ebf sp=0x0000003a0b2fca88 mode 0
Event: 8.031 Thread 0x00000219c5498800 DEOPT PACKING pc=0x00000219cf9ffa72 sp=0x0000003a0b2fd610
Event: 8.031 Thread 0x00000219c5498800 DEOPT UNPACKING pc=0x00000219cf3c5ebf sp=0x0000003a0b2fca88 mode 0

Classes redefined (0 events):
No events

Internal exceptions (6 events):
Event: 6.490 Thread 0x00000219c5498800 Exception <a 'java/lang/ClassNotFoundException'{0x00000000eb012e58}: sun/net/www/protocol/c/Handler> (0x00000000eb012e58) thrown at [./src/hotspot/share/classfile/systemDictionary.cpp, line 231]
Event: 6.678 Thread 0x00000219c5498800 Exception <a 'java/io/FileNotFoundException'{0x00000000eb021a38}> (0x00000000eb021a38) thrown at [./src/hotspot/share/prims/jni.cpp, line 615]
Event: 6.679 Thread 0x00000219c5498800 Exception <a 'java/io/FileNotFoundException'{0x00000000eb022810}> (0x00000000eb022810) thrown at [./src/hotspot/share/prims/jni.cpp, line 615]
Event: 6.679 Thread 0x00000219c5498800 Exception <a 'java/io/FileNotFoundException'{0x00000000eb0234a8}> (0x00000000eb0234a8) thrown at [./src/hotspot/share/prims/jni.cpp, line 615]
Event: 6.679 Thread 0x00000219c5498800 Exception <a 'java/io/FileNotFoundException'{0x00000000eb024178}> (0x00000000eb024178) thrown at [./src/hotspot/share/prims/jni.cpp, line 615]
Event: 6.811 Thread 0x00000219c5498800 Exception <a 'java/io/FileNotFoundException'{0x00000000eb040290}> (0x00000000eb040290) thrown at [./src/hotspot/share/prims/jni.cpp, line 615]

Events (20 events):
Event: 7.713 loading class java/lang/annotation/Target
Event: 7.713 loading class java/lang/annotation/Target done
Event: 7.715 loading class java/lang/module/ModuleDescriptor$Builder
Event: 7.721 loading class java/lang/module/ModuleDescriptor$Builder done
Event: 7.725 loading class java/lang/ClassFormatError
Event: 7.726 loading class java/lang/ClassFormatError done
Event: 7.726 loading class org/eclipse/osgi/internal/framework/EquinoxConfiguration
Event: 7.726 loading class org/eclipse/osgi/internal/framework/EquinoxConfiguration done
Event: 7.728 loading class org/eclipse/osgi/service/environment/EnvironmentInfo
Event: 7.728 loading class org/eclipse/osgi/service/environment/EnvironmentInfo done
Event: 7.729 loading class org/eclipse/osgi/internal/hookregistry/HookRegistry
Event: 7.729 loading class org/eclipse/osgi/internal/hookregistry/HookRegistry done
Event: 7.731 loading class org/eclipse/osgi/internal/framework/AliasMapper
Event: 7.731 loading class org/eclipse/osgi/internal/framework/AliasMapper done
Event: 7.739 loading class java/net/URLClassLoader$2
Event: 7.739 loading class java/net/URLClassLoader$2 done
Event: 7.746 loading class sun/net/www/protocol/jar/URLJarFile$URLJarFileEntry
Event: 7.746 loading class sun/net/www/protocol/jar/URLJarFile$URLJarFileEntry done
Event: 7.746 loading class sun/net/www/protocol/jar/JarURLConnection$JarURLInputStream
Event: 7.746 loading class sun/net/www/protocol/jar/JarURLConnection$JarURLInputStream done


Dynamic libraries:
0x00007ff76a310000 - 0x00007ff76a31d000 	C:\Program Files\AdoptOpenJDK\jdk-11.0.11.9-hotspot\bin\java.exe
0x00007ffb8fef0000 - 0x00007ffb900e5000 	C:\WINDOWS\SYSTEM32\ntdll.dll
0x00007ffb8f920000 - 0x00007ffb8f9dd000 	C:\WINDOWS\System32\KERNEL32.DLL
0x00007ffb8d680000 - 0x00007ffb8d949000 	C:\WINDOWS\System32\KERNELBASE.dll
0x00007ffb8dd50000 - 0x00007ffb8de50000 	C:\WINDOWS\System32\ucrtbase.dll
0x00007ffb857e0000 - 0x00007ffb857f7000 	C:\Program Files\AdoptOpenJDK\jdk-11.0.11.9-hotspot\bin\jli.dll
0x00007ffb8e3f0000 - 0x00007ffb8e590000 	C:\WINDOWS\System32\USER32.dll
0x00007ffb8dcc0000 - 0x00007ffb8dce2000 	C:\WINDOWS\System32\win32u.dll
0x00007ffb8fdd0000 - 0x00007ffb8fdfa000 	C:\WINDOWS\System32\GDI32.dll
0x00007ffb8de50000 - 0x00007ffb8df5b000 	C:\WINDOWS\System32\gdi32full.dll
0x00007ffb8da00000 - 0x00007ffb8da9d000 	C:\WINDOWS\System32\msvcp_win.dll
0x00007ffb84620000 - 0x00007ffb84635000 	C:\Program Files\AdoptOpenJDK\jdk-11.0.11.9-hotspot\bin\VCRUNTIME140.dll
0x00007ffb7f210000 - 0x00007ffb7f4aa000 	C:\WINDOWS\WinSxS\amd64_microsoft.windows.common-controls_6595b64144ccf1df_6.0.19041.1083_none_60bbe31371f34e71\COMCTL32.dll
0x00007ffb8f9f0000 - 0x00007ffb8fa8e000 	C:\WINDOWS\System32\msvcrt.dll
0x00007ffb8ed30000 - 0x00007ffb8ed60000 	C:\WINDOWS\System32\IMM32.DLL
0x00007ffb54850000 - 0x00007ffb548eb000 	C:\Program Files\AdoptOpenJDK\jdk-11.0.11.9-hotspot\bin\msvcp140.dll
0x00007ffb4e2f0000 - 0x00007ffb4ee3b000 	C:\Program Files\AdoptOpenJDK\jdk-11.0.11.9-hotspot\bin\server\jvm.dll
0x00007ffb8e660000 - 0x00007ffb8e70c000 	C:\WINDOWS\System32\ADVAPI32.dll
0x00007ffb8fca0000 - 0x00007ffb8fd3b000 	C:\WINDOWS\System32\sechost.dll
0x00007ffb8eb90000 - 0x00007ffb8ecba000 	C:\WINDOWS\System32\RPCRT4.dll
0x00007ffb8ecc0000 - 0x00007ffb8ecc8000 	C:\WINDOWS\System32\PSAPI.DLL
0x00007ffb88b20000 - 0x00007ffb88b29000 	C:\WINDOWS\SYSTEM32\WSOCK32.dll
0x00007ffb8e5f0000 - 0x00007ffb8e65b000 	C:\WINDOWS\System32\WS2_32.dll
0x00007ffb7ed90000 - 0x00007ffb7edb7000 	C:\WINDOWS\SYSTEM32\WINMM.dll
0x00007ffb87940000 - 0x00007ffb8794a000 	C:\WINDOWS\SYSTEM32\VERSION.dll
0x00007ffb8c240000 - 0x00007ffb8c252000 	C:\WINDOWS\SYSTEM32\kernel.appcore.dll
0x00007ffb881f0000 - 0x00007ffb88200000 	C:\Program Files\AdoptOpenJDK\jdk-11.0.11.9-hotspot\bin\verify.dll
0x00007ffb8c020000 - 0x00007ffb8c204000 	C:\WINDOWS\SYSTEM32\DBGHELP.DLL
0x00007ffb815d0000 - 0x00007ffb815fc000 	C:\WINDOWS\SYSTEM32\dbgcore.DLL
0x00007ffb8daa0000 - 0x00007ffb8db23000 	C:\WINDOWS\System32\bcryptPrimitives.dll
0x00007ffb7ec60000 - 0x00007ffb7ec88000 	C:\Program Files\AdoptOpenJDK\jdk-11.0.11.9-hotspot\bin\java.dll
0x00007ffb857c0000 - 0x00007ffb857ca000 	C:\Program Files\AdoptOpenJDK\jdk-11.0.11.9-hotspot\bin\jimage.dll
0x00007ffb7ec20000 - 0x00007ffb7ec37000 	C:\Program Files\AdoptOpenJDK\jdk-11.0.11.9-hotspot\bin\zip.dll
0x00007ffb8ed60000 - 0x00007ffb8f49f000 	C:\WINDOWS\System32\SHELL32.dll
0x00007ffb8b200000 - 0x00007ffb8b991000 	C:\WINDOWS\SYSTEM32\windows.storage.dll
0x00007ffb8e710000 - 0x00007ffb8ea65000 	C:\WINDOWS\System32\combase.dll
0x00007ffb8cfd0000 - 0x00007ffb8cffc000 	C:\WINDOWS\SYSTEM32\Wldp.dll
0x00007ffb8e040000 - 0x00007ffb8e0ee000 	C:\WINDOWS\System32\SHCORE.dll
0x00007ffb8fa90000 - 0x00007ffb8fae5000 	C:\WINDOWS\System32\shlwapi.dll
0x00007ffb8d570000 - 0x00007ffb8d58f000 	C:\WINDOWS\SYSTEM32\profapi.dll
0x00007ffb78220000 - 0x00007ffb78239000 	C:\Program Files\AdoptOpenJDK\jdk-11.0.11.9-hotspot\bin\net.dll
0x00007ffb84280000 - 0x00007ffb8438a000 	C:\WINDOWS\SYSTEM32\WINHTTP.dll
0x00007ffb8cd30000 - 0x00007ffb8cd9a000 	C:\WINDOWS\system32\mswsock.dll
0x00007ffb73110000 - 0x00007ffb73122000 	C:\Program Files\AdoptOpenJDK\jdk-11.0.11.9-hotspot\bin\nio.dll
0x00007ffb8a7e0000 - 0x00007ffb8a7ee000 	C:\Program Files\AdoptOpenJDK\jdk-11.0.11.9-hotspot\bin\sunmscapi.dll
0x00007ffb8db30000 - 0x00007ffb8dc8f000 	C:\WINDOWS\System32\CRYPT32.dll
0x00007ffb8d040000 - 0x00007ffb8d067000 	C:\WINDOWS\SYSTEM32\ncrypt.dll
0x00007ffb8d000000 - 0x00007ffb8d03b000 	C:\WINDOWS\SYSTEM32\NTASN1.dll
0x00007ffb89d10000 - 0x00007ffb89d35000 	C:\Program Files\AdoptOpenJDK\jdk-11.0.11.9-hotspot\bin\sunec.dll

dbghelp: loaded successfully - version: 4.0.5 - missing functions: none
symbol engine: initialized successfully - sym options: 0x614 - pdb path: .;C:\Program Files\AdoptOpenJDK\jdk-11.0.11.9-hotspot\bin;C:\WINDOWS\SYSTEM32;C:\WINDOWS\WinSxS\amd64_microsoft.windows.common-controls_6595b64144ccf1df_6.0.19041.1083_none_60bbe31371f34e71;C:\Program Files\AdoptOpenJDK\jdk-11.0.11.9-hotspot\bin\server

VM Arguments:
jvm_args: --add-modules=ALL-SYSTEM --add-opens=java.base/java.util=ALL-UNNAMED --add-opens=java.base/java.lang=ALL-UNNAMED -Declipse.application=org.eclipse.jdt.ls.core.id1 -Dosgi.bundles.defaultStartLevel=4 -Declipse.product=org.eclipse.jdt.ls.core.product -Dfile.encoding=utf8 -DwatchParentProcess=false -XX:+UseParallelGC -XX:GCTimeRatio=4 -XX:AdaptiveSizePolicyWeight=90 -Dsun.zip.disableMemoryMapping=true -Xmx1G -Xms100m -Xverify:none 
java_command: c:\Users\USER\.vscode\extensions\redhat.java-0.80.0\server\plugins\org.eclipse.equinox.launcher_1.6.200.v20210416-2027.jar -configuration c:\Users\USER\AppData\Roaming\Code\User\globalStorage\redhat.java\0.80.0\config_ss_win -data c:\Users\USER\AppData\Roaming\Code\User\workspaceStorage\128ed7eb3bf47f8a7b587e094e6771ab\redhat.java\ss_ws
java_class_path (initial): c:\Users\USER\.vscode\extensions\redhat.java-0.80.0\server\plugins\org.eclipse.equinox.launcher_1.6.200.v20210416-2027.jar
Launcher Type: SUN_STANDARD

[Global flags]
    uintx AdaptiveSizePolicyWeight                 = 90                                        {product} {command line}
     bool BytecodeVerificationLocal                = false                                     {product} {command line}
     bool BytecodeVerificationRemote               = false                                     {product} {command line}
     intx CICompilerCount                          = 2                                         {product} {ergonomic}
    uintx GCTimeRatio                              = 4                                         {product} {command line}
   size_t InitialHeapSize                          = 104857600                                 {product} {command line}
   size_t MaxHeapSize                              = 1073741824                                {product} {command line}
   size_t MaxNewSize                               = 357564416                                 {product} {ergonomic}
   size_t MinHeapDeltaBytes                        = 524288                                    {product} {ergonomic}
   size_t NewSize                                  = 34603008                                  {product} {ergonomic}
    uintx NonNMethodCodeHeapSize                   = 5825164                                {pd product} {ergonomic}
    uintx NonProfiledCodeHeapSize                  = 122916538                              {pd product} {ergonomic}
   size_t OldSize                                  = 70254592                                  {product} {ergonomic}
    uintx ProfiledCodeHeapSize                     = 122916538                              {pd product} {ergonomic}
    uintx ReservedCodeCacheSize                    = 251658240                              {pd product} {ergonomic}
     bool SegmentedCodeCache                       = true                                      {product} {ergonomic}
     bool UseCompressedClassPointers               = true                                 {lp64_product} {ergonomic}
     bool UseCompressedOops                        = true                                 {lp64_product} {ergonomic}
     bool UseLargePagesIndividualAllocation        = false                                  {pd product} {ergonomic}
     bool UseParallelGC                            = true                                      {product} {command line}

Logging:
Log output configuration:
 #0: stdout all=warning uptime,level,tags
 #1: stderr all=off uptime,level,tags

Environment Variables:
JAVA_HOME=C:\Program Files\AdoptOpenJDK\jdk-11.0.11.9-hotspot\
PATH=C:\Program Files\AdoptOpenJDK\jdk-11.0.11.9-hotspot\bin;C:\Python39\Scripts\;C:\Python39\;C:\Python38\Scripts\;C:\Python38\;C:\WINDOWS\system32;C:\WINDOWS;C:\WINDOWS\System32\Wbem;C:\WINDOWS\System32\WindowsPowerShell\v1.0\;C:\WINDOWS\System32\OpenSSH\;C:\Program Files (x86)\Windows Live\Shared;C:\ProgramData\chocolatey\bin;C:\Program Files\nodejs\;C:\Users\USER\AppData\Local\Microsoft\WindowsApps;C:\Users\USER\AppData\Local\Programs\Microsoft VS Code\bin;C:\Users\USER\AppData\Roaming\npm
USERNAME=USER
OS=Windows_NT
PROCESSOR_IDENTIFIER=Intel64 Family 6 Model 122 Stepping 1, GenuineIntel



---------------  S Y S T E M  ---------------

OS: Windows 10 , 64 bit Build 19041 (10.0.19041.1023)
OS uptime: 5 days 21:21 hours

CPU:total 2 (initial active 2) (2 cores per cpu, 1 threads per core) family 6 model 122 stepping 1 microcode 0x2e, cmov, cx8, fxsr, mmx, sse, sse2, sse3, ssse3, sse4.1, sse4.2, popcnt, aes, clmul, erms, 3dnowpref, tsc, tscinvbit, sha

Memory: 4k page, system-wide physical 3874M (263M free)
TotalPageFile size 15650M (AvailPageFile size 3M)
current process WorkingSet (physical memory assigned to process): 51M, peak: 51M
current process commit charge ("private bytes"): 178M, peak: 178M

vm_info: OpenJDK 64-Bit Server VM (11.0.11+9) for windows-amd64 JRE (11.0.11+9), built on Apr 20 2021 21:22:09 by "" with MS VC++ 15.9 (VS2017)

END.
