#
# There is insufficient memory for the Java Runtime Environment to continue.
# Native memory allocation (malloc) failed to allocate 636656 bytes for Chunk::new
# Possible reasons:
#   The system is out of physical RAM or swap space
#   The process is running with CompressedOops enabled, and the Java Heap may be blocking the growth of the native heap
# Possible solutions:
#   Reduce memory load on the system
#   Increase physical memory or swap space
#   Check if swap backing store is full
#   Decrease Java heap size (-Xmx/-Xms)
#   Decrease number of Java threads
#   Decrease Java thread stack sizes (-Xss)
#   Set larger code cache with -XX:ReservedCodeCacheSize=
#   JVM is running with Unscaled Compressed Oops mode in which the Java heap is
#     placed in the first 4GB address space. The Java Heap base address is the
#     maximum limit for the native heap growth. Please use -XX:HeapBaseMinAddress
#     to set the Java Heap base and to place the Java Heap above 4GB virtual address.
# This output file may be truncated or incomplete.
#
#  Out of Memory Error (./src/hotspot/share/memory/arena.cpp:197), pid=13284, tid=11900
#
# JRE version: OpenJDK Runtime Environment AdoptOpenJDK-11.0.11+9 (11.0.11+9) (build 11.0.11+9)
# Java VM: OpenJDK 64-Bit Server VM AdoptOpenJDK-11.0.11+9 (11.0.11+9, mixed mode, tiered, compressed oops, parallel gc, windows-amd64)
# No core dump will be written. Minidumps are not enabled by default on client versions of Windows
#

---------------  S U M M A R Y ------------

Command Line: --add-modules=ALL-SYSTEM --add-opens=java.base/java.util=ALL-UNNAMED --add-opens=java.base/java.lang=ALL-UNNAMED -Declipse.application=org.eclipse.jdt.ls.core.id1 -Dosgi.bundles.defaultStartLevel=4 -Declipse.product=org.eclipse.jdt.ls.core.product -Dfile.encoding=utf8 -DwatchParentProcess=false -XX:+UseParallelGC -XX:GCTimeRatio=4 -XX:AdaptiveSizePolicyWeight=90 -Dsun.zip.disableMemoryMapping=true -Xmx1G -Xms100m -Xverify:none c:\Users\USER\.vscode\extensions\redhat.java-0.80.0\server\plugins\org.eclipse.equinox.launcher_1.6.200.v20210416-2027.jar -configuration c:\Users\USER\AppData\Roaming\Code\User\globalStorage\redhat.java\0.80.0\config_win -data c:\Users\USER\AppData\Roaming\Code\User\workspaceStorage\128ed7eb3bf47f8a7b587e094e6771ab\redhat.java\jdt_ws

Host: Intel(R) Celeron(R) N4000 CPU @ 1.10GHz, 2 cores, 3G,  Windows 10 , 64 bit Build 19041 (10.0.19041.1023)
Time: Tue Jul 20 10:57:27 2021 Hora est. Pacífico, Sudamérica elapsed time: 35.637205 seconds (0d 0h 0m 35s)

---------------  T H R E A D  ---------------

Current thread (0x0000017179a9a800):  JavaThread "C2 CompilerThread0" daemon [_thread_in_native, id=11900, stack(0x000000177fe00000,0x000000177ff00000)]


Current CompileTask:
C2:  35637 2261   !   4       java.util.jar.Attributes::read (390 bytes)

Stack: [0x000000177fe00000,0x000000177ff00000]
Native frames: (J=compiled Java code, j=interpreted, Vv=VM code, C=native code)
V  [jvm.dll+0x5f7e5a]
V  [jvm.dll+0x77ff2e]
V  [jvm.dll+0x7815ff]
V  [jvm.dll+0x781cc3]
V  [jvm.dll+0x247408]
V  [jvm.dll+0xbe69c]
V  [jvm.dll+0xbed9c]
V  [jvm.dll+0x34cb47]
V  [jvm.dll+0x1990e9]
V  [jvm.dll+0x200e92]
V  [jvm.dll+0x1fff6f]
V  [jvm.dll+0x184f1c]
V  [jvm.dll+0x20f3e7]
V  [jvm.dll+0x20d5cb]
V  [jvm.dll+0x7442f9]
V  [jvm.dll+0x73d364]
V  [jvm.dll+0x5f6cd6]
C  [ucrtbase.dll+0x21bb2]
C  [KERNEL32.DLL+0x17034]
C  [ntdll.dll+0x52651]


---------------  P R O C E S S  ---------------

Threads class SMR info:
_java_thread_list=0x000001717ba515d0, length=19, elements={
0x000001715f2a8800, 0x0000017179a7d000, 0x0000017179a7e000, 0x0000017179ae9800,
0x0000017179a98000, 0x0000017179a99000, 0x0000017179a9a800, 0x000001717a5fa000,
0x000001717a5fd000, 0x000001717a705000, 0x000001717a903000, 0x000001717a9ab000,
0x000001717b176000, 0x000001717b5a5800, 0x000001717b66c000, 0x000001717a624800,
0x000001717b0e3000, 0x000001717b1cc000, 0x000001717b667800
}

Java Threads: ( => current thread )
  0x000001715f2a8800 JavaThread "main" [_thread_blocked, id=15024, stack(0x000000177f600000,0x000000177f700000)]
  0x0000017179a7d000 JavaThread "Reference Handler" daemon [_thread_blocked, id=5132, stack(0x000000177f900000,0x000000177fa00000)]
  0x0000017179a7e000 JavaThread "Finalizer" daemon [_thread_blocked, id=19784, stack(0x000000177fa00000,0x000000177fb00000)]
  0x0000017179ae9800 JavaThread "Signal Dispatcher" daemon [_thread_blocked, id=9788, stack(0x000000177fb00000,0x000000177fc00000)]
  0x0000017179a98000 JavaThread "Attach Listener" daemon [_thread_blocked, id=12256, stack(0x000000177fc00000,0x000000177fd00000)]
  0x0000017179a99000 JavaThread "Service Thread" daemon [_thread_blocked, id=15328, stack(0x000000177fd00000,0x000000177fe00000)]
=>0x0000017179a9a800 JavaThread "C2 CompilerThread0" daemon [_thread_in_native, id=11900, stack(0x000000177fe00000,0x000000177ff00000)]
  0x000001717a5fa000 JavaThread "C1 CompilerThread0" daemon [_thread_blocked, id=15020, stack(0x000000177ff00000,0x0000001780000000)]
  0x000001717a5fd000 JavaThread "Sweeper thread" daemon [_thread_blocked, id=14416, stack(0x0000001700000000,0x0000001700100000)]
  0x000001717a705000 JavaThread "Common-Cleaner" daemon [_thread_blocked, id=5036, stack(0x0000001700100000,0x0000001700200000)]
  0x000001717a903000 JavaThread "Active Thread: Equinox Container: 2320898f-b6b1-4c8a-97ac-a0d47fe53457" [_thread_blocked, id=12428, stack(0x0000001700300000,0x0000001700400000)]
  0x000001717a9ab000 JavaThread "Framework Event Dispatcher: Equinox Container: 2320898f-b6b1-4c8a-97ac-a0d47fe53457" daemon [_thread_blocked, id=17824, stack(0x0000001700400000,0x0000001700500000)]
  0x000001717b176000 JavaThread "Start Level: Equinox Container: 2320898f-b6b1-4c8a-97ac-a0d47fe53457" daemon [_thread_in_native, id=21172, stack(0x0000001700500000,0x0000001700600000)]
  0x000001717b5a5800 JavaThread "SCR Component Actor" daemon [_thread_blocked, id=14768, stack(0x0000001700700000,0x0000001700800000)]
  0x000001717b66c000 JavaThread "Bundle File Closer" daemon [_thread_blocked, id=16636, stack(0x0000001700800000,0x0000001700900000)]
  0x000001717a624800 JavaThread "Timer-1" daemon [_thread_blocked, id=20036, stack(0x0000001700900000,0x0000001700a00000)]
  0x000001717b0e3000 JavaThread "Worker-JM" [_thread_blocked, id=1264, stack(0x0000001700a00000,0x0000001700b00000)]
  0x000001717b1cc000 JavaThread "Worker-0" [_thread_blocked, id=20988, stack(0x0000001700b00000,0x0000001700c00000)]
  0x000001717b667800 JavaThread "Worker-1" [_thread_blocked, id=13256, stack(0x0000001700c00000,0x0000001700d00000)]

Other Threads:
  0x0000017179a78800 VMThread "VM Thread" [stack: 0x000000177f800000,0x000000177f900000] [id=20568]
  0x000001717a879000 WatcherThread [stack: 0x0000001700200000,0x0000001700300000] [id=18200]
  0x000001715f2c2800 GCTaskThread "ParGC Thread#0" [stack: 0x000000177f700000,0x000000177f800000] [id=14104]
  0x000001717ac18800 GCTaskThread "ParGC Thread#1" [stack: 0x0000001700600000,0x0000001700700000] [id=14536]

Threads with active compile tasks:
C2 CompilerThread0  36311 2261   !   4       java.util.jar.Attributes::read (390 bytes)

VM state:not at safepoint (normal execution)

VM Mutex/Monitor currently owned by a thread: None

Heap address: 0x00000000c0000000, size: 1024 MB, Compressed Oops mode: 32-bit
Narrow klass base: 0x0000000000000000, Narrow klass shift: 3
Compressed class space size: 1073741824 Address: 0x0000000100000000

Heap:
 PSYoungGen      total 29696K, used 4494K [0x00000000eab00000, 0x00000000ecc00000, 0x0000000100000000)
  eden space 25600K, 17% used [0x00000000eab00000,0x00000000eaf639b8,0x00000000ec400000)
  from space 4096K, 0% used [0x00000000ec800000,0x00000000ec800000,0x00000000ecc00000)
  to   space 4096K, 0% used [0x00000000ec400000,0x00000000ec400000,0x00000000ec800000)
 ParOldGen       total 68608K, used 9385K [0x00000000c0000000, 0x00000000c4300000, 0x00000000eab00000)
  object space 68608K, 13% used [0x00000000c0000000,0x00000000c092a428,0x00000000c4300000)
 Metaspace       used 21975K, capacity 23024K, committed 23168K, reserved 1071104K
  class space    used 2011K, capacity 2396K, committed 2432K, reserved 1048576K

Card table byte_map: [0x0000017176ba0000,0x0000017176db0000] _byte_map_base: 0x00000171765a0000

Marking Bits: (ParMarkBitMap*) 0x00007ffb4ed7d340
 Begin Bits: [0x0000017176f10000, 0x0000017177f10000)
 End Bits:   [0x0000017177f10000, 0x0000017178f10000)

Polling page: 0x000001715d9b0000

Metaspace:

Usage:
  Non-class:     20.14 MB capacity,    19.50 MB ( 97%) used,   624.84 KB (  3%) free+waste,    39.19 KB ( <1%) overhead. 
      Class:      2.34 MB capacity,     1.97 MB ( 84%) used,   363.56 KB ( 15%) free+waste,    18.63 KB ( <1%) overhead. 
       Both:     22.48 MB capacity,    21.46 MB ( 95%) used,   988.41 KB (  4%) free+waste,    57.81 KB ( <1%) overhead. 

Virtual space:
  Non-class space:       22.00 MB reserved,      20.25 MB ( 92%) committed 
      Class space:        1.00 GB reserved,       2.38 MB ( <1%) committed 
             Both:        1.02 GB reserved,      22.63 MB (  2%) committed 

Chunk freelists:
   Non-Class:  44.00 KB
       Class:  4.00 KB
        Both:  48.00 KB

MaxMetaspaceSize: 17179869184.00 GB
CompressedClassSpaceSize: 1.00 GB

CodeHeap 'non-profiled nmethods': size=120064Kb used=687Kb max_used=687Kb free=119376Kb
 bounds [0x000001716f480000, 0x000001716f6f0000, 0x00000171769c0000]
CodeHeap 'profiled nmethods': size=120000Kb used=5217Kb max_used=5217Kb free=114782Kb
 bounds [0x0000017167f50000, 0x0000017168470000, 0x000001716f480000]
CodeHeap 'non-nmethods': size=5696Kb used=1127Kb max_used=1127Kb free=4568Kb
 bounds [0x00000171679c0000, 0x0000017167c30000, 0x0000017167f50000]
 total_blobs=2735 nmethods=2268 adapters=381
 compilation: enabled
              stopped_count=0, restarted_count=0
 full_count=0

Compilation events (20 events):
Event: 35.200 Thread 0x000001717a5fa000 nmethod 2257 0x000001716845e010 code [0x000001716845e1e0, 0x000001716845e528]
Event: 35.204 Thread 0x000001717a5fa000 2258       3       java.lang.ProcessEnvironment$NameComparator::compare (13 bytes)
Event: 35.204 Thread 0x000001717a5fa000 nmethod 2258 0x000001716845e690 code [0x000001716845e860, 0x000001716845eb68]
Event: 35.204 Thread 0x000001717a5fa000 2259       3       java.lang.ProcessEnvironment$NameComparator::compare (90 bytes)
Event: 35.208 Thread 0x000001717a5fa000 nmethod 2259 0x000001716845ec90 code [0x000001716845efc0, 0x00000171684601b8]
Event: 35.309 Thread 0x000001717a5fa000 2260       3       java.util.HashSet::contains (9 bytes)
Event: 35.309 Thread 0x000001717a5fa000 nmethod 2260 0x0000017168460a10 code [0x0000017168460bc0, 0x0000017168460d88]
Event: 35.337 Thread 0x0000017179a9a800 2261   !   4       java.util.jar.Attributes::read (390 bytes)
Event: 35.338 Thread 0x000001717a5fa000 2262       3       java.util.jar.Attributes::put (18 bytes)
Event: 35.339 Thread 0x000001717a5fa000 nmethod 2262 0x0000017168460e90 code [0x0000017168461060, 0x00000171684613e8]
Event: 35.342 Thread 0x000001717a5fa000 2263       3       java.util.jar.Attributes::putValue (13 bytes)
Event: 35.343 Thread 0x000001717a5fa000 nmethod 2263 0x0000017168461510 code [0x0000017168461760, 0x0000017168462148]
Event: 35.480 Thread 0x000001717a5fa000 2265       3       org.eclipse.osgi.internal.log.EquinoxLogWriter::isLoggable (65 bytes)
Event: 35.481 Thread 0x000001717a5fa000 nmethod 2265 0x0000017168462490 code [0x00000171684626a0, 0x0000017168462b38]
Event: 35.481 Thread 0x000001717a5fa000 2266       3       org.eclipse.osgi.internal.log.ExtendedLogReaderServiceFactory::getCount (29 bytes)
Event: 35.481 Thread 0x000001717a5fa000 nmethod 2266 0x0000017168462c90 code [0x0000017168462e60, 0x00000171684632b8]
Event: 35.497 Thread 0x000001717a5fa000 2267   !   3       org.eclipse.osgi.internal.weaving.WovenClassImpl::callHooks (411 bytes)
Event: 35.501 Thread 0x000001717a5fa000 nmethod 2267 0x0000017168463410 code [0x0000017168463820, 0x0000017168465438]
Event: 35.501 Thread 0x000001717a5fa000 2268       3       org.eclipse.osgi.internal.weaving.WeavingHookConfigurator::recordClassDefine (65 bytes)
Event: 35.501 Thread 0x000001717a5fa000 nmethod 2268 0x0000017168465e90 code [0x00000171684660a0, 0x0000017168466748]

GC Heap History (6 events):
Event: 18.732 GC heap before
{Heap before GC invocations=1 (full 0):
 PSYoungGen      total 29696K, used 25600K [0x00000000eab00000, 0x00000000ecc00000, 0x0000000100000000)
  eden space 25600K, 100% used [0x00000000eab00000,0x00000000ec400000,0x00000000ec400000)
  from space 4096K, 0% used [0x00000000ec800000,0x00000000ec800000,0x00000000ecc00000)
  to   space 4096K, 0% used [0x00000000ec400000,0x00000000ec400000,0x00000000ec800000)
 ParOldGen       total 68608K, used 0K [0x00000000c0000000, 0x00000000c4300000, 0x00000000eab00000)
  object space 68608K, 0% used [0x00000000c0000000,0x00000000c0000000,0x00000000c4300000)
 Metaspace       used 13232K, capacity 13532K, committed 13696K, reserved 1062912K
  class space    used 1214K, capacity 1294K, committed 1408K, reserved 1048576K
}
Event: 19.013 GC heap after
{Heap after GC invocations=1 (full 0):
 PSYoungGen      total 29696K, used 4072K [0x00000000eab00000, 0x00000000ecc00000, 0x0000000100000000)
  eden space 25600K, 0% used [0x00000000eab00000,0x00000000eab00000,0x00000000ec400000)
  from space 4096K, 99% used [0x00000000ec400000,0x00000000ec7fa078,0x00000000ec800000)
  to   space 4096K, 0% used [0x00000000ec800000,0x00000000ec800000,0x00000000ecc00000)
 ParOldGen       total 68608K, used 737K [0x00000000c0000000, 0x00000000c4300000, 0x00000000eab00000)
  object space 68608K, 1% used [0x00000000c0000000,0x00000000c00b85a8,0x00000000c4300000)
 Metaspace       used 13232K, capacity 13532K, committed 13696K, reserved 1062912K
  class space    used 1214K, capacity 1294K, committed 1408K, reserved 1048576K
}
Event: 34.059 GC heap before
{Heap before GC invocations=2 (full 0):
 PSYoungGen      total 29696K, used 27992K [0x00000000eab00000, 0x00000000ecc00000, 0x0000000100000000)
  eden space 25600K, 93% used [0x00000000eab00000,0x00000000ec25c1e0,0x00000000ec400000)
  from space 4096K, 99% used [0x00000000ec400000,0x00000000ec7fa078,0x00000000ec800000)
  to   space 4096K, 0% used [0x00000000ec800000,0x00000000ec800000,0x00000000ecc00000)
 ParOldGen       total 68608K, used 737K [0x00000000c0000000, 0x00000000c4300000, 0x00000000eab00000)
  object space 68608K, 1% used [0x00000000c0000000,0x00000000c00b85a8,0x00000000c4300000)
 Metaspace       used 20212K, capacity 21119K, committed 21248K, reserved 1069056K
  class space    used 1883K, capacity 2206K, committed 2304K, reserved 1048576K
}
Event: 34.164 GC heap after
{Heap after GC invocations=2 (full 0):
 PSYoungGen      total 29696K, used 4094K [0x00000000eab00000, 0x00000000ecc00000, 0x0000000100000000)
  eden space 25600K, 0% used [0x00000000eab00000,0x00000000eab00000,0x00000000ec400000)
  from space 4096K, 99% used [0x00000000ec800000,0x00000000ecbffb18,0x00000000ecc00000)
  to   space 4096K, 0% used [0x00000000ec400000,0x00000000ec400000,0x00000000ec800000)
 ParOldGen       total 68608K, used 5469K [0x00000000c0000000, 0x00000000c4300000, 0x00000000eab00000)
  object space 68608K, 7% used [0x00000000c0000000,0x00000000c05576e0,0x00000000c4300000)
 Metaspace       used 20212K, capacity 21119K, committed 21248K, reserved 1069056K
  class space    used 1883K, capacity 2206K, committed 2304K, reserved 1048576K
}
Event: 34.164 GC heap before
{Heap before GC invocations=3 (full 1):
 PSYoungGen      total 29696K, used 4094K [0x00000000eab00000, 0x00000000ecc00000, 0x0000000100000000)
  eden space 25600K, 0% used [0x00000000eab00000,0x00000000eab00000,0x00000000ec400000)
  from space 4096K, 99% used [0x00000000ec800000,0x00000000ecbffb18,0x00000000ecc00000)
  to   space 4096K, 0% used [0x00000000ec400000,0x00000000ec400000,0x00000000ec800000)
 ParOldGen       total 68608K, used 5469K [0x00000000c0000000, 0x00000000c4300000, 0x00000000eab00000)
  object space 68608K, 7% used [0x00000000c0000000,0x00000000c05576e0,0x00000000c4300000)
 Metaspace       used 20212K, capacity 21119K, committed 21248K, reserved 1069056K
  class space    used 1883K, capacity 2206K, committed 2304K, reserved 1048576K
}
Event: 34.705 GC heap after
{Heap after GC invocations=3 (full 1):
 PSYoungGen      total 29696K, used 0K [0x00000000eab00000, 0x00000000ecc00000, 0x0000000100000000)
  eden space 25600K, 0% used [0x00000000eab00000,0x00000000eab00000,0x00000000ec400000)
  from space 4096K, 0% used [0x00000000ec800000,0x00000000ec800000,0x00000000ecc00000)
  to   space 4096K, 0% used [0x00000000ec400000,0x00000000ec400000,0x00000000ec800000)
 ParOldGen       total 68608K, used 9385K [0x00000000c0000000, 0x00000000c4300000, 0x00000000eab00000)
  object space 68608K, 13% used [0x00000000c0000000,0x00000000c092a428,0x00000000c4300000)
 Metaspace       used 20212K, capacity 21119K, committed 21248K, reserved 1069056K
  class space    used 1883K, capacity 2206K, committed 2304K, reserved 1048576K
}

Deoptimization events (20 events):
Event: 32.661 Thread 0x000001717b176000 Uncommon trap: trap_request=0xffffffde fr.pc=0x000001716f4cb934 relative=0x0000000000000514
Event: 32.661 Thread 0x000001717b176000 Uncommon trap: reason=class_check action=maybe_recompile pc=0x000001716f4cb934 method=java.io.DataInputStream.readInt()I @ 4 c2
Event: 32.661 Thread 0x000001717b176000 DEOPT PACKING pc=0x000001716f4cb934 sp=0x00000017005f95a0
Event: 32.661 Thread 0x000001717b176000 DEOPT UNPACKING pc=0x00000171679e5aa9 sp=0x00000017005f9560 mode 2
Event: 32.988 Thread 0x000001717b176000 Uncommon trap: trap_request=0xffffff4d fr.pc=0x000001716f49e500 relative=0x00000000000002c0
Event: 32.988 Thread 0x000001717b176000 Uncommon trap: reason=unstable_if action=reinterpret pc=0x000001716f49e500 method=java.lang.StringLatin1.canEncode(I)Z @ 4 c2
Event: 32.988 Thread 0x000001717b176000 DEOPT PACKING pc=0x000001716f49e500 sp=0x00000017005f9950
Event: 32.993 Thread 0x000001717b176000 DEOPT UNPACKING pc=0x00000171679e5aa9 sp=0x00000017005f9878 mode 2
Event: 32.993 Thread 0x000001717b176000 Uncommon trap: trap_request=0xffffff4d fr.pc=0x000001716f4b92f0 relative=0x00000000000002b0
Event: 32.993 Thread 0x000001717b176000 Uncommon trap: reason=unstable_if action=reinterpret pc=0x000001716f4b92f0 method=java.lang.AbstractStringBuilder.isLatin1()Z @ 10 c2
Event: 32.993 Thread 0x000001717b176000 DEOPT PACKING pc=0x000001716f4b92f0 sp=0x00000017005f9960
Event: 32.993 Thread 0x000001717b176000 DEOPT UNPACKING pc=0x00000171679e5aa9 sp=0x00000017005f98f0 mode 2
Event: 32.993 Thread 0x000001717b176000 Uncommon trap: trap_request=0xffffff4d fr.pc=0x000001716f4f05f8 relative=0x0000000000000058
Event: 32.993 Thread 0x000001717b176000 Uncommon trap: reason=unstable_if action=reinterpret pc=0x000001716f4f05f8 method=java.lang.AbstractStringBuilder.isLatin1()Z @ 10 c2
Event: 32.993 Thread 0x000001717b176000 DEOPT PACKING pc=0x000001716f4f05f8 sp=0x00000017005f9950
Event: 32.993 Thread 0x000001717b176000 DEOPT UNPACKING pc=0x00000171679e5aa9 sp=0x00000017005f98e0 mode 2
Event: 33.911 Thread 0x000001717b176000 Uncommon trap: trap_request=0xffffff4d fr.pc=0x000001716f52a0b8 relative=0x00000000000000d8
Event: 33.911 Thread 0x000001717b176000 Uncommon trap: reason=unstable_if action=reinterpret pc=0x000001716f52a0b8 method=org.eclipse.core.internal.localstore.SafeChunkyInputStream.read()I @ 4 c2
Event: 33.911 Thread 0x000001717b176000 DEOPT PACKING pc=0x000001716f52a0b8 sp=0x00000017005faaa0
Event: 33.911 Thread 0x000001717b176000 DEOPT UNPACKING pc=0x00000171679e5aa9 sp=0x00000017005faa38 mode 2

Classes redefined (0 events):
No events

Internal exceptions (20 events):
Event: 8.571 Thread 0x000001715f2a8800 Exception <a 'java/lang/IncompatibleClassChangeError'{0x00000000eb92d580}: Found class java.lang.Object, but interface was expected> (0x00000000eb92d580) thrown at [./src/hotspot/share/interpreter/linkResolver.cpp, line 839]
Event: 8.572 Thread 0x000001715f2a8800 Exception <a 'java/lang/NoSuchMethodError'{0x00000000eb930640}: 'void java.lang.invoke.DirectMethodHandle$Holder.invokeStaticInit(java.lang.Object, java.lang.Object)'> (0x00000000eb930640) thrown at [./src/hotspot/share/interpreter/linkResolver.cpp, line 773]
Event: 8.574 Thread 0x000001715f2a8800 Exception <a 'java/lang/NoSuchMethodError'{0x00000000eb935928}: 'int java.lang.invoke.DirectMethodHandle$Holder.invokeStaticInit(java.lang.Object, java.lang.Object)'> (0x00000000eb935928) thrown at [./src/hotspot/share/interpreter/linkResolver.cpp, line 773]
Event: 9.989 Thread 0x000001715f2a8800 Exception <a 'java/lang/NoSuchMethodError'{0x00000000eb983748}: 'java.lang.Object java.lang.invoke.DirectMethodHandle$Holder.invokeStaticInit(java.lang.Object, int, int, int, int)'> (0x00000000eb983748) thrown at [./src/hotspot/share/interpreter/linkResolver.cpp, line 773]
Event: 15.323 Thread 0x000001715f2a8800 Exception <a 'java/lang/NoSuchMethodError'{0x00000000eb9a9478}: 'java.lang.Object java.lang.invoke.DirectMethodHandle$Holder.invokeStaticInit(java.lang.Object, java.lang.Object, int, int, int, int)'> (0x00000000eb9a9478) thrown at [./src/hotspot/share/interpreter/linkResolver.cpp, line 773]
Event: 15.771 Thread 0x000001715f2a8800 Exception <a 'java/lang/NoSuchMethodError'{0x00000000ebae7e50}: 'int java.lang.invoke.DirectMethodHandle$Holder.invokeSpecialIFC(java.lang.Object, java.lang.Object, int)'> (0x00000000ebae7e50) thrown at [./src/hotspot/share/interpreter/linkResolver.cpp, line 773]
Event: 16.719 Thread 0x000001715f2a8800 Exception <a 'java/lang/NoSuchMethodError'{0x00000000ec00c9a0}: 'java.lang.Object java.lang.invoke.DirectMethodHandle$Holder.invokeStatic(java.lang.Object, int, java.lang.Object)'> (0x00000000ec00c9a0) thrown at [./src/hotspot/share/interpreter/linkResolver.cpp, line 773]
Event: 16.733 Thread 0x000001715f2a8800 Exception <a 'java/lang/NoSuchMethodError'{0x00000000ec0287e8}: 'java.lang.Object java.lang.invoke.Invokers$Holder.linkToTargetMethod(java.lang.Object, java.lang.Object, java.lang.Object, int, java.lang.Object, java.lang.Object)'> (0x00000000ec0287e8) thrown at [./src/hotspot/share/interpreter/linkResolver.cpp, line 773]
Event: 18.246 Thread 0x000001715f2a8800 Exception <a 'java/lang/UnsatisfiedLinkError'{0x00000000ec34ba48}: 'void org.eclipse.equinox.launcher.JNIBridge._update_splash()'> (0x00000000ec34ba48) thrown at [./src/hotspot/share/prims/nativeLookup.cpp, line 526]
Event: 19.013 Thread 0x000001717a9ab000 Implicit null exception at 0x000001716f4b180b to 0x000001716f4b18d0
Event: 20.485 Thread 0x000001717b176000 Exception <a 'java/lang/NoSuchMethodError'{0x00000000eae19160}: 'java.lang.Object java.lang.invoke.DirectMethodHandle$Holder.invokeStatic(java.lang.Object, java.lang.Object, java.lang.Object, java.lang.Object, java.lang.Object, java.lang.Object, java.lang.Object, java.lang.Object, java.lang.Object, java.lang.Object, java.lang.Object, java.lang.Object, java.lang.Object, java.lang.Object, java.lang.Object)'> (0x00000000eae19160) thrown at [./src/hotspot/share/interpreter/linkResolver.cpp, line 773]
Event: 20.555 Thread 0x000001717b176000 Exception <a 'java/lang/NoSuchMethodError'{0x00000000eae273c0}: 'java.lang.Object java.lang.invoke.DirectMethodHandle$Holder.invokeStatic(java.lang.Object, java.lang.Object, java.lang.Object, java.lang.Object, java.lang.Object, java.lang.Object, java.lang.Object, java.lang.Object, java.lang.Object, java.lang.Object, java.lang.Object, java.lang.Object, java.lang.Object, java.lang.Object, java.lang.Object, java.lang.Object)'> (0x00000000eae273c0) thrown at [./src/hotspot/share/interpreter/linkResolver.cpp, l
Event: 20.572 Thread 0x000001717b176000 Exception <a 'java/lang/NoSuchMethodError'{0x00000000eae35910}: 'java.lang.Object java.lang.invoke.DirectMethodHandle$Holder.invokeSpecial(java.lang.Object, java.lang.Object, int, int, java.lang.Object, java.lang.Object, java.lang.Object)'> (0x00000000eae35910) thrown at [./src/hotspot/share/interpreter/linkResolver.cpp, line 773]
Event: 20.573 Thread 0x000001717b176000 Exception <a 'java/lang/NoSuchMethodError'{0x00000000eae39148}: 'java.lang.Object java.lang.invoke.DelegatingMethodHandle$Holder.reinvoke_L(java.lang.Object, int, int, java.lang.Object, java.lang.Object, java.lang.Object)'> (0x00000000eae39148) thrown at [./src/hotspot/share/interpreter/linkResolver.cpp, line 773]
Event: 20.583 Thread 0x000001717b176000 Exception <a 'java/lang/NoSuchMethodError'{0x00000000eae3d4c8}: 'java.lang.Object java.lang.invoke.DirectMethodHandle$Holder.invokeStatic(java.lang.Object, java.lang.Object, java.lang.Object, java.lang.Object, int)'> (0x00000000eae3d4c8) thrown at [./src/hotspot/share/interpreter/linkResolver.cpp, line 773]
Event: 31.649 Thread 0x000001717b176000 Exception <a 'java/io/FileNotFoundException'{0x00000000ebb9df10}> (0x00000000ebb9df10) thrown at [./src/hotspot/share/prims/jni.cpp, line 615]
Event: 33.566 Thread 0x000001717b176000 Exception <a 'java/io/FileNotFoundException'{0x00000000ec05e168}> (0x00000000ec05e168) thrown at [./src/hotspot/share/prims/jni.cpp, line 615]
Event: 33.998 Thread 0x000001717b176000 Exception <a 'java/lang/NoSuchMethodError'{0x00000000ec1c6d80}: 'int java.lang.invoke.DirectMethodHandle$Holder.invokeStaticInit(java.lang.Object, java.lang.Object, java.lang.Object)'> (0x00000000ec1c6d80) thrown at [./src/hotspot/share/interpreter/linkResolver.cpp, line 773]
Event: 34.051 Thread 0x000001717b176000 Exception <a 'java/lang/IncompatibleClassChangeError'{0x00000000ec214be8}: Found class java.lang.Object, but interface was expected> (0x00000000ec214be8) thrown at [./src/hotspot/share/interpreter/linkResolver.cpp, line 839]
Event: 35.184 Thread 0x000001717b176000 Exception <a 'sun/nio/fs/WindowsException'{0x00000000eabc1ea0}> (0x00000000eabc1ea0) thrown at [./src/hotspot/share/prims/jni.cpp, line 615]

Events (20 events):
Event: 35.300 Executing VM operation: RevokeBias
Event: 35.301 Executing VM operation: RevokeBias done
Event: 35.301 Executing VM operation: RevokeBias
Event: 35.301 Executing VM operation: RevokeBias done
Event: 35.309 Executing VM operation: RevokeBias
Event: 35.310 Executing VM operation: RevokeBias done
Event: 35.310 Executing VM operation: RevokeBias
Event: 35.310 Executing VM operation: RevokeBias done
Event: 35.310 Executing VM operation: RevokeBias
Event: 35.310 Executing VM operation: RevokeBias done
Event: 35.310 Executing VM operation: RevokeBias
Event: 35.311 Executing VM operation: RevokeBias done
Event: 35.311 Executing VM operation: RevokeBias
Event: 35.311 Executing VM operation: RevokeBias done
Event: 35.311 Executing VM operation: RevokeBias
Event: 35.311 Executing VM operation: RevokeBias done
Event: 35.376 Executing VM operation: BulkRevokeBias
Event: 35.377 Executing VM operation: BulkRevokeBias done
Event: 35.401 loading class java/util/DualPivotQuicksort
Event: 35.459 loading class java/util/DualPivotQuicksort done


Dynamic libraries:
0x00007ff76a310000 - 0x00007ff76a31d000 	C:\Program Files\AdoptOpenJDK\jdk-11.0.11.9-hotspot\bin\java.exe
0x00007ffb8fef0000 - 0x00007ffb900e5000 	C:\WINDOWS\SYSTEM32\ntdll.dll
0x00007ffb8f920000 - 0x00007ffb8f9dd000 	C:\WINDOWS\System32\KERNEL32.DLL
0x00007ffb8d680000 - 0x00007ffb8d949000 	C:\WINDOWS\System32\KERNELBASE.dll
0x00007ffb8dd50000 - 0x00007ffb8de50000 	C:\WINDOWS\System32\ucrtbase.dll
0x00007ffb84620000 - 0x00007ffb84635000 	C:\Program Files\AdoptOpenJDK\jdk-11.0.11.9-hotspot\bin\VCRUNTIME140.dll
0x00007ffb857e0000 - 0x00007ffb857f7000 	C:\Program Files\AdoptOpenJDK\jdk-11.0.11.9-hotspot\bin\jli.dll
0x00007ffb8e3f0000 - 0x00007ffb8e590000 	C:\WINDOWS\System32\USER32.dll
0x00007ffb8dcc0000 - 0x00007ffb8dce2000 	C:\WINDOWS\System32\win32u.dll
0x00007ffb8fdd0000 - 0x00007ffb8fdfa000 	C:\WINDOWS\System32\GDI32.dll
0x00007ffb8de50000 - 0x00007ffb8df5b000 	C:\WINDOWS\System32\gdi32full.dll
0x00007ffb8da00000 - 0x00007ffb8da9d000 	C:\WINDOWS\System32\msvcp_win.dll
0x00007ffb7f210000 - 0x00007ffb7f4aa000 	C:\WINDOWS\WinSxS\amd64_microsoft.windows.common-controls_6595b64144ccf1df_6.0.19041.1083_none_60bbe31371f34e71\COMCTL32.dll
0x00007ffb8f9f0000 - 0x00007ffb8fa8e000 	C:\WINDOWS\System32\msvcrt.dll
0x00007ffb8ed30000 - 0x00007ffb8ed60000 	C:\WINDOWS\System32\IMM32.DLL
0x00007ffb54850000 - 0x00007ffb548eb000 	C:\Program Files\AdoptOpenJDK\jdk-11.0.11.9-hotspot\bin\msvcp140.dll
0x00007ffb4e2f0000 - 0x00007ffb4ee3b000 	C:\Program Files\AdoptOpenJDK\jdk-11.0.11.9-hotspot\bin\server\jvm.dll
0x00007ffb8e660000 - 0x00007ffb8e70c000 	C:\WINDOWS\System32\ADVAPI32.dll
0x00007ffb8fca0000 - 0x00007ffb8fd3b000 	C:\WINDOWS\System32\sechost.dll
0x00007ffb8eb90000 - 0x00007ffb8ecba000 	C:\WINDOWS\System32\RPCRT4.dll
0x00007ffb8ecc0000 - 0x00007ffb8ecc8000 	C:\WINDOWS\System32\PSAPI.DLL
0x00007ffb88b20000 - 0x00007ffb88b29000 	C:\WINDOWS\SYSTEM32\WSOCK32.dll
0x00007ffb8e5f0000 - 0x00007ffb8e65b000 	C:\WINDOWS\System32\WS2_32.dll
0x00007ffb7ed90000 - 0x00007ffb7edb7000 	C:\WINDOWS\SYSTEM32\WINMM.dll
0x00007ffb87940000 - 0x00007ffb8794a000 	C:\WINDOWS\SYSTEM32\VERSION.dll
0x00007ffb8c240000 - 0x00007ffb8c252000 	C:\WINDOWS\SYSTEM32\kernel.appcore.dll
0x00007ffb881f0000 - 0x00007ffb88200000 	C:\Program Files\AdoptOpenJDK\jdk-11.0.11.9-hotspot\bin\verify.dll
0x00007ffb8c020000 - 0x00007ffb8c204000 	C:\WINDOWS\SYSTEM32\DBGHELP.DLL
0x00007ffb815d0000 - 0x00007ffb815fc000 	C:\WINDOWS\SYSTEM32\dbgcore.DLL
0x00007ffb8daa0000 - 0x00007ffb8db23000 	C:\WINDOWS\System32\bcryptPrimitives.dll
0x00007ffb7ec60000 - 0x00007ffb7ec88000 	C:\Program Files\AdoptOpenJDK\jdk-11.0.11.9-hotspot\bin\java.dll
0x00007ffb857c0000 - 0x00007ffb857ca000 	C:\Program Files\AdoptOpenJDK\jdk-11.0.11.9-hotspot\bin\jimage.dll
0x00007ffb7ec20000 - 0x00007ffb7ec37000 	C:\Program Files\AdoptOpenJDK\jdk-11.0.11.9-hotspot\bin\zip.dll
0x00007ffb8ed60000 - 0x00007ffb8f49f000 	C:\WINDOWS\System32\SHELL32.dll
0x00007ffb8b200000 - 0x00007ffb8b991000 	C:\WINDOWS\SYSTEM32\windows.storage.dll
0x00007ffb8e710000 - 0x00007ffb8ea65000 	C:\WINDOWS\System32\combase.dll
0x00007ffb8cfd0000 - 0x00007ffb8cffc000 	C:\WINDOWS\SYSTEM32\Wldp.dll
0x00007ffb8e040000 - 0x00007ffb8e0ee000 	C:\WINDOWS\System32\SHCORE.dll
0x00007ffb8fa90000 - 0x00007ffb8fae5000 	C:\WINDOWS\System32\shlwapi.dll
0x00007ffb8d570000 - 0x00007ffb8d58f000 	C:\WINDOWS\SYSTEM32\profapi.dll
0x00007ffb78220000 - 0x00007ffb78239000 	C:\Program Files\AdoptOpenJDK\jdk-11.0.11.9-hotspot\bin\net.dll
0x00007ffb84280000 - 0x00007ffb8438a000 	C:\WINDOWS\SYSTEM32\WINHTTP.dll
0x00007ffb8cd30000 - 0x00007ffb8cd9a000 	C:\WINDOWS\system32\mswsock.dll
0x00007ffb73110000 - 0x00007ffb73122000 	C:\Program Files\AdoptOpenJDK\jdk-11.0.11.9-hotspot\bin\nio.dll
0x00007ffb89d10000 - 0x00007ffb89d35000 	C:\Program Files\AdoptOpenJDK\jdk-11.0.11.9-hotspot\bin\sunec.dll
0x00007ffb8cf10000 - 0x00007ffb8cf28000 	C:\WINDOWS\SYSTEM32\CRYPTSP.dll
0x00007ffb8c6d0000 - 0x00007ffb8c704000 	C:\WINDOWS\system32\rsaenh.dll
0x00007ffb8dc90000 - 0x00007ffb8dcb7000 	C:\WINDOWS\System32\bcrypt.dll
0x00007ffb8d4f0000 - 0x00007ffb8d51e000 	C:\WINDOWS\SYSTEM32\USERENV.dll
0x00007ffb8cf30000 - 0x00007ffb8cf3c000 	C:\WINDOWS\SYSTEM32\CRYPTBASE.dll
0x00007ffb8ca20000 - 0x00007ffb8ca5b000 	C:\WINDOWS\SYSTEM32\IPHLPAPI.DLL
0x00007ffb8f910000 - 0x00007ffb8f918000 	C:\WINDOWS\System32\NSI.dll
0x00007ffb8bf40000 - 0x00007ffb8bf57000 	C:\WINDOWS\SYSTEM32\dhcpcsvc6.DLL
0x00007ffb8bf20000 - 0x00007ffb8bf3d000 	C:\WINDOWS\SYSTEM32\dhcpcsvc.DLL
0x00007ffb8ca60000 - 0x00007ffb8cb2c000 	C:\WINDOWS\SYSTEM32\DNSAPI.dll
0x00007ffb8a7e0000 - 0x00007ffb8a81e000 	C:\Users\USER\AppData\Roaming\Code\User\globalStorage\redhat.java\0.80.0\config_win\org.eclipse.equinox.launcher\org.eclipse.equinox.launcher.win32.win32.x86_64_1.2.300.v20210617-0451\eclipse_11502.dll

dbghelp: loaded successfully - version: 4.0.5 - missing functions: none
symbol engine: initialized successfully - sym options: 0x614 - pdb path: .;C:\Program Files\AdoptOpenJDK\jdk-11.0.11.9-hotspot\bin;C:\WINDOWS\SYSTEM32;C:\WINDOWS\WinSxS\amd64_microsoft.windows.common-controls_6595b64144ccf1df_6.0.19041.1083_none_60bbe31371f34e71;C:\Program Files\AdoptOpenJDK\jdk-11.0.11.9-hotspot\bin\server;C:\Users\USER\AppData\Roaming\Code\User\globalStorage\redhat.java\0.80.0\config_win\org.eclipse.equinox.launcher\org.eclipse.equinox.launcher.win32.win32.x86_64_1.2.300.v20210617-0451

VM Arguments:
jvm_args: --add-modules=ALL-SYSTEM --add-opens=java.base/java.util=ALL-UNNAMED --add-opens=java.base/java.lang=ALL-UNNAMED -Declipse.application=org.eclipse.jdt.ls.core.id1 -Dosgi.bundles.defaultStartLevel=4 -Declipse.product=org.eclipse.jdt.ls.core.product -Dfile.encoding=utf8 -DwatchParentProcess=false -XX:+UseParallelGC -XX:GCTimeRatio=4 -XX:AdaptiveSizePolicyWeight=90 -Dsun.zip.disableMemoryMapping=true -Xmx1G -Xms100m -Xverify:none 
java_command: c:\Users\USER\.vscode\extensions\redhat.java-0.80.0\server\plugins\org.eclipse.equinox.launcher_1.6.200.v20210416-2027.jar -configuration c:\Users\USER\AppData\Roaming\Code\User\globalStorage\redhat.java\0.80.0\config_win -data c:\Users\USER\AppData\Roaming\Code\User\workspaceStorage\128ed7eb3bf47f8a7b587e094e6771ab\redhat.java\jdt_ws
java_class_path (initial): c:\Users\USER\.vscode\extensions\redhat.java-0.80.0\server\plugins\org.eclipse.equinox.launcher_1.6.200.v20210416-2027.jar
Launcher Type: SUN_STANDARD

[Global flags]
    uintx AdaptiveSizePolicyWeight                 = 90                                        {product} {command line}
     bool BytecodeVerificationLocal                = false                                     {product} {command line}
     bool BytecodeVerificationRemote               = false                                     {product} {command line}
     intx CICompilerCount                          = 2                                         {product} {ergonomic}
    uintx GCTimeRatio                              = 4                                         {product} {command line}
   size_t InitialHeapSize                          = 104857600                                 {product} {command line}
   size_t MaxHeapSize                              = 1073741824                                {product} {command line}
   size_t MaxNewSize                               = 357564416                                 {product} {ergonomic}
   size_t MinHeapDeltaBytes                        = 524288                                    {product} {ergonomic}
   size_t NewSize                                  = 34603008                                  {product} {ergonomic}
    uintx NonNMethodCodeHeapSize                   = 5825164                                {pd product} {ergonomic}
    uintx NonProfiledCodeHeapSize                  = 122916538                              {pd product} {ergonomic}
   size_t OldSize                                  = 70254592                                  {product} {ergonomic}
    uintx ProfiledCodeHeapSize                     = 122916538                              {pd product} {ergonomic}
    uintx ReservedCodeCacheSize                    = 251658240                              {pd product} {ergonomic}
     bool SegmentedCodeCache                       = true                                      {product} {ergonomic}
     bool UseCompressedClassPointers               = true                                 {lp64_product} {ergonomic}
     bool UseCompressedOops                        = true                                 {lp64_product} {ergonomic}
     bool UseLargePagesIndividualAllocation        = false                                  {pd product} {ergonomic}
     bool UseParallelGC                            = true                                      {product} {command line}

Logging:
Log output configuration:
 #0: stdout all=warning uptime,level,tags
 #1: stderr all=off uptime,level,tags

Environment Variables:
JAVA_HOME=C:\Program Files\AdoptOpenJDK\jdk-11.0.11.9-hotspot\
PATH=C:\Program Files\AdoptOpenJDK\jdk-11.0.11.9-hotspot\bin;C:\Python39\Scripts\;C:\Python39\;C:\Python38\Scripts\;C:\Python38\;C:\WINDOWS\system32;C:\WINDOWS;C:\WINDOWS\System32\Wbem;C:\WINDOWS\System32\WindowsPowerShell\v1.0\;C:\WINDOWS\System32\OpenSSH\;C:\Program Files (x86)\Windows Live\Shared;C:\ProgramData\chocolatey\bin;C:\Program Files\nodejs\;C:\Users\USER\AppData\Local\Microsoft\WindowsApps;C:\Users\USER\AppData\Local\Programs\Microsoft VS Code\bin;C:\Users\USER\AppData\Roaming\npm
USERNAME=USER
OS=Windows_NT
PROCESSOR_IDENTIFIER=Intel64 Family 6 Model 122 Stepping 1, GenuineIntel



---------------  S Y S T E M  ---------------

OS: Windows 10 , 64 bit Build 19041 (10.0.19041.1023)
OS uptime: 5 days 21:21 hours

CPU:total 2 (initial active 2) (2 cores per cpu, 1 threads per core) family 6 model 122 stepping 1 microcode 0x2e, cmov, cx8, fxsr, mmx, sse, sse2, sse3, ssse3, sse4.1, sse4.2, popcnt, aes, clmul, erms, 3dnowpref, tsc, tscinvbit, sha

Memory: 4k page, system-wide physical 3874M (284M free)
TotalPageFile size 15650M (AvailPageFile size 6M)
current process WorkingSet (physical memory assigned to process): 108M, peak: 108M
current process commit charge ("private bytes"): 203M, peak: 203M

vm_info: OpenJDK 64-Bit Server VM (11.0.11+9) for windows-amd64 JRE (11.0.11+9), built on Apr 20 2021 21:22:09 by "" with MS VC++ 15.9 (VS2017)

END.
